TN:
SF:/home/pm/Documents/GitHub/contracts-terra/contracts/amp-compounder/astroport_farm/src/bond.rs
FN:15,bond_assets
FN:55,bond_to
FN:82,bond
FN:102,bond_internal
FN:139,unbond
FNF:5
FNDA:1,bond_assets
FNDA:1,bond_to
FNDA:1,bond
FNDA:1,bond_internal
FNDA:1,unbond
DA:15,1
DA:25,2
DA:26,1
DA:28,3
DA:31,3
DA:32,1
DA:33,1
DA:38,1
DA:40,1
DA:41,1
DA:42,3
DA:43,1
DA:47,1
DA:50,1
DA:55,1
DA:63,2
DA:65,2
DA:66,2
DA:68,1
DA:69,2
DA:70,1
DA:71,1
DA:72,1
DA:77,1
DA:82,1
DA:89,2
DA:91,2
DA:94,2
DA:95,1
DA:98,1
DA:102,1
DA:109,3
DA:110,1
DA:111,1
DA:112,1
DA:115,1
DA:117,2
DA:122,2
DA:123,1
DA:124,1
DA:126,1
DA:128,2
DA:129,3
DA:130,1
DA:131,1
DA:132,1
DA:133,1
DA:139,1
DA:146,2
DA:147,2
DA:150,2
DA:151,0
DA:154,2
DA:155,1
DA:157,3
DA:158,1
DA:160,1
DA:163,2
DA:164,1
DA:167,2
DA:169,4
DA:170,2
DA:171,2
DA:172,2
DA:173,3
DA:175,1
DA:176,1
DA:177,1
DA:178,1
LF:69
LH:68
end_of_record
TN:
SF:/home/pm/Documents/GitHub/contracts-terra/contracts/amp-compounder/astroport_farm/src/compound.rs
FN:18,compound
FN:130,stake
FNF:2
FNDA:1,compound
FNDA:1,stake
DA:18,1
DA:25,2
DA:28,2
DA:29,1
DA:32,1
DA:34,3
DA:35,1
DA:37,1
DA:40,3
DA:41,1
DA:43,1
DA:46,1
DA:48,1
DA:49,1
DA:51,1
DA:52,1
DA:54,1
DA:56,1
DA:58,1
DA:59,1
DA:60,2
DA:63,1
DA:64,3
DA:65,1
DA:66,2
DA:67,1
DA:68,1
DA:69,3
DA:70,1
DA:71,1
DA:72,0
DA:75,0
DA:76,0
DA:77,0
DA:80,3
DA:81,2
DA:82,1
DA:84,1
DA:86,1
DA:89,2
DA:90,1
DA:91,2
DA:92,1
DA:95,2
DA:96,1
DA:97,1
DA:101,2
DA:102,2
DA:103,1
DA:104,1
DA:105,1
DA:109,1
DA:111,1
DA:113,1
DA:114,3
DA:118,1
DA:122,3
DA:123,1
DA:125,1
DA:130,1
DA:137,2
DA:139,1
DA:141,2
DA:142,2
DA:144,1
DA:145,2
DA:146,1
DA:147,1
DA:148,1
DA:153,4
DA:154,2
DA:155,1
DA:156,1
DA:157,1
DA:158,1
LF:75
LH:71
end_of_record
TN:
SF:/home/pm/Documents/GitHub/contracts-terra/contracts/amp-compounder/astroport_farm/src/contract.rs
FN:30,validate_percentage
FN:42,instantiate
FN:73,execute
FN:95,{closure#0}
FN:118,{closure#1}
FN:124,{closure#2}
FN:127,{closure#3}
FN:128,{closure#0}
FN:135,{closure#4}
FN:145,receive_cw20
FN:165,update_config
FN:203,handle_callback
FN:227,reply
FN:237,query
FN:251,migrate
FNF:15
FNDA:1,validate_percentage
FNDA:1,instantiate
FNDA:1,execute
FNDA:3,{closure#0}
FNDA:2,{closure#1}
FNDA:0,{closure#2}
FNDA:3,{closure#3}
FNDA:2,{closure#0}
FNDA:2,{closure#4}
FNDA:1,receive_cw20
FNDA:1,update_config
FNDA:1,handle_callback
FNDA:1,reply
FNDA:1,query
FNDA:0,migrate
DA:30,1
DA:31,2
DA:32,1
DA:34,1
DA:42,1
DA:48,3
DA:50,2
DA:51,1
DA:52,1
DA:53,2
DA:54,2
DA:55,2
DA:56,2
DA:57,1
DA:58,2
DA:59,2
DA:60,2
DA:64,4
DA:65,2
DA:73,1
DA:79,1
DA:80,2
DA:81,1
DA:87,1
DA:94,2
DA:95,3
DA:97,1
DA:98,1
DA:99,1
DA:100,1
DA:104,1
DA:107,2
DA:111,1
DA:115,2
DA:117,2
DA:118,2
DA:121,2
DA:123,2
DA:124,0
DA:127,3
DA:128,2
DA:129,2
DA:130,1
DA:133,1
DA:135,2
DA:137,2
DA:145,1
DA:151,2
DA:152,1
DA:155,1
DA:158,0
DA:165,1
DA:173,2
DA:175,2
DA:176,1
DA:179,2
DA:180,2
DA:183,2
DA:184,2
DA:187,3
DA:188,3
DA:189,1
DA:192,2
DA:193,2
DA:196,2
DA:198,2
DA:203,1
DA:210,2
DA:211,1
DA:213,1
DA:214,2
DA:218,1
DA:227,1
DA:228,1
DA:229,3
DA:230,0
DA:237,1
DA:238,1
DA:239,2
DA:240,1
DA:243,1
DA:251,0
DA:252,0
LF:83
LH:78
end_of_record
TN:
SF:/home/pm/Documents/GitHub/contracts-terra/contracts/amp-compounder/astroport_farm/src/error.rs
FN:30,from
FNF:1
FNDA:0,from
DA:30,0
DA:31,0
LF:2
LH:0
end_of_record
TN:
SF:/home/pm/Documents/GitHub/contracts-terra/contracts/amp-compounder/astroport_farm/src/execute.rs
FN:6,register_amp_lp_token
FN:10,{closure#0}
FN:11,{closure#1}
FN:16,{closure#2}
FN:17,{closure#3}
FNF:5
FNDA:1,register_amp_lp_token
FNDA:2,{closure#0}
FNDA:0,{closure#1}
FNDA:2,{closure#2}
FNDA:0,{closure#3}
DA:6,1
DA:7,2
DA:10,2
DA:11,0
DA:13,2
DA:16,2
DA:17,0
DA:18,0
DA:20,2
DA:22,2
DA:23,1
DA:24,1
DA:25,1
DA:26,1
DA:30,1
LF:15
LH:12
end_of_record
TN:
SF:/home/pm/Documents/GitHub/contracts-terra/contracts/amp-compounder/astroport_farm/src/ownership.rs
FN:34,propose_new_owner
FN:79,drop_ownership_proposal
FN:109,claim_ownership
FNF:3
FNDA:1,propose_new_owner
FNDA:1,drop_ownership_proposal
FNDA:1,claim_ownership
DA:34,1
DA:44,2
DA:45,1
DA:48,2
DA:51,2
DA:52,0
DA:55,2
DA:56,1
DA:57,1
DA:58,1
DA:59,2
DA:63,3
DA:64,2
DA:79,1
DA:86,2
DA:87,0
DA:90,1
DA:92,2
DA:109,1
DA:116,4
DA:117,1
DA:118,3
DA:121,2
DA:122,1
DA:125,2
DA:126,1
DA:129,1
DA:132,1
DA:134,3
DA:135,2
LF:30
LH:28
end_of_record
TN:
SF:/home/pm/Documents/GitHub/contracts-terra/contracts/amp-compounder/astroport_farm/src/queries.rs
FN:9,query_config
FN:28,query_state
FN:77,query_user_info
FNF:3
FNDA:1,query_config
FNDA:1,query_state
FNDA:1,query_user_info
DA:9,1
DA:10,1
DA:11,2
DA:12,1
DA:13,1
DA:14,1
DA:15,1
DA:16,1
DA:17,1
DA:18,1
DA:19,1
DA:20,1
DA:21,1
DA:22,1
DA:28,1
DA:29,2
DA:30,2
DA:32,1
DA:33,2
DA:36,1
DA:38,2
DA:40,2
DA:41,2
DA:44,3
DA:47,3
DA:48,1
DA:49,0
DA:50,0
DA:52,1
DA:53,0
DA:54,0
DA:55,0
DA:61,1
DA:62,1
DA:63,1
DA:64,1
DA:65,0
DA:67,2
DA:69,1
DA:70,1
DA:71,1
DA:77,1
DA:78,2
DA:80,2
DA:81,2
DA:83,1
DA:85,3
DA:86,1
DA:88,1
DA:91,2
DA:93,2
DA:95,1
DA:97,1
LF:53
LH:47
end_of_record
TN:
SF:/home/pm/Documents/GitHub/contracts-terra/contracts/amp-compounder/astroport_farm/src/state.rs
FN:36,calc_bond_share
FN:56,calc_bond_amount
FNF:2
FNDA:1,calc_bond_share
FNDA:1,calc_bond_amount
DA:36,1
DA:42,1
DA:43,1
DA:45,1
DA:47,1
DA:50,0
DA:56,1
DA:57,1
DA:58,0
DA:60,1
LF:10
LH:8
end_of_record
TN:
SF:/home/pm/Documents/GitHub/contracts-terra/contracts/amp-compounder/compound_proxy/src/contract.rs
FN:19,instantiate
FN:55,execute
FN:114,{closure#0}
FN:121,{closure#1}
FN:128,{closure#0}
FN:135,{closure#3}
FN:171,query
FN:198,migrate
FNF:8
FNDA:10,instantiate
FNDA:8,execute
FNDA:0,{closure#0}
FNDA:0,{closure#1}
FNDA:0,{closure#0}
FNDA:0,{closure#3}
FNDA:3,query
FNDA:0,migrate
DA:19,10
DA:25,11
DA:27,11
DA:28,22
DA:30,0
DA:33,22
DA:34,11
DA:35,11
DA:36,11
DA:37,22
DA:41,22
DA:42,22
DA:45,22
DA:46,22
DA:49,11
DA:55,8
DA:61,8
DA:63,4
DA:70,8
DA:73,4
DA:74,4
DA:75,8
DA:76,4
DA:77,4
DA:80,4
DA:84,0
DA:89,0
DA:91,0
DA:94,3
DA:98,0
DA:102,0
DA:103,0
DA:106,0
DA:107,0
DA:108,0
DA:109,0
DA:111,0
DA:112,0
DA:114,0
DA:117,0
DA:118,0
DA:120,0
DA:121,0
DA:124,0
DA:126,0
DA:127,0
DA:128,0
DA:129,0
DA:130,0
DA:133,0
DA:135,0
DA:137,4
DA:171,3
DA:172,3
DA:173,2
DA:174,2
DA:177,0
DA:180,1
DA:184,1
DA:188,2
DA:198,0
DA:199,0
LF:62
LH:33
end_of_record
TN:
SF:/home/pm/Documents/GitHub/contracts-terra/contracts/amp-compounder/compound_proxy/src/error.rs
FN:16,from
FNF:1
FNDA:0,from
DA:16,0
DA:17,0
LF:2
LH:0
end_of_record
TN:
SF:/home/pm/Documents/GitHub/contracts-terra/contracts/amp-compounder/compound_proxy/src/execute.rs
FN:23,compound
FN:118,multi_swap
FN:187,handle_callback
FN:218,optimal_swap
FN:247,send_swap_result
FN:265,calculate_optimal_swap
FN:352,provide_liquidity
FN:410,get_swap_amount
FN:431,simulate
FN:453,update_config
FNF:10
FNDA:4,compound
FNDA:0,multi_swap
FNDA:2,handle_callback
FNDA:1,optimal_swap
FNDA:0,send_swap_result
FNDA:1,calculate_optimal_swap
FNDA:1,provide_liquidity
FNDA:1,get_swap_amount
FNDA:1,simulate
FNDA:2,update_config
DA:23,4
DA:33,4
DA:34,4
DA:35,13
DA:37,4
DA:38,7
DA:40,6
DA:42,3
DA:43,3
DA:45,12
DA:46,8
DA:48,8
DA:51,2
DA:52,1
DA:54,3
DA:55,2
DA:57,2
DA:58,2
DA:60,3
DA:62,2
DA:63,1
DA:65,1
DA:66,1
DA:67,1
DA:70,0
DA:72,0
DA:79,6
DA:80,3
DA:84,2
DA:85,1
DA:86,3
DA:87,1
DA:89,1
DA:93,2
DA:94,3
DA:96,2
DA:97,2
DA:99,1
DA:100,3
DA:104,2
DA:105,6
DA:106,2
DA:108,2
DA:109,2
DA:111,2
DA:114,2
DA:118,0
DA:126,0
DA:127,0
DA:129,0
DA:131,0
DA:133,0
DA:136,0
DA:137,0
DA:139,0
DA:141,0
DA:143,0
DA:144,0
DA:146,0
DA:147,0
DA:149,0
DA:150,0
DA:152,0
DA:154,0
DA:155,0
DA:158,0
DA:159,0
DA:162,0
DA:164,0
DA:172,0
DA:173,0
DA:174,0
DA:175,0
DA:176,0
DA:178,0
DA:182,0
DA:187,2
DA:194,4
DA:195,2
DA:197,2
DA:198,2
DA:201,1
DA:207,2
DA:209,0
DA:218,1
DA:224,1
DA:225,1
DA:227,1
DA:229,1
DA:234,2
DA:235,2
DA:236,2
DA:237,3
DA:238,1
DA:243,2
DA:247,0
DA:254,0
DA:255,0
DA:257,0
DA:258,0
DA:265,1
DA:272,2
DA:273,1
DA:274,1
DA:275,1
DA:277,1
DA:278,2
DA:279,1
DA:280,1
DA:281,1
DA:282,1
DA:283,1
DA:284,1
DA:287,1
DA:289,1
DA:290,1
DA:291,1
DA:292,1
DA:293,1
DA:295,2
DA:297,1
DA:300,1
DA:301,1
DA:302,1
DA:303,1
DA:304,1
DA:306,6
DA:307,2
DA:308,4
DA:310,1
DA:311,4
DA:312,2
DA:316,2
DA:318,1
DA:319,1
DA:320,1
DA:321,1
DA:322,1
DA:324,2
DA:326,1
DA:329,1
DA:330,1
DA:331,1
DA:332,1
DA:333,1
DA:335,3
DA:336,1
DA:337,2
DA:339,1
DA:340,2
DA:341,1
DA:347,2
DA:352,1
DA:361,1
DA:362,1
DA:364,2
DA:366,2
DA:368,4
DA:371,1
DA:372,1
DA:373,1
DA:374,3
DA:375,1
DA:376,1
DA:377,1
DA:378,2
DA:380,1
DA:381,1
DA:382,1
DA:383,1
DA:384,1
DA:387,0
DA:388,0
DA:389,0
DA:395,4
DA:396,1
DA:397,2
DA:398,1
DA:399,1
DA:401,1
DA:403,3
DA:404,1
DA:406,1
DA:410,1
DA:417,1
DA:418,1
DA:419,1
DA:420,1
DA:422,2
DA:423,1
DA:424,1
DA:425,1
DA:427,1
DA:431,1
DA:439,1
DA:440,5
DA:441,2
DA:442,2
DA:445,2
DA:448,2
DA:450,2
DA:453,2
DA:459,2
DA:460,2
DA:468,2
DA:470,3
DA:472,1
DA:473,0
DA:474,0
DA:475,0
DA:476,0
DA:478,1
DA:479,0
DA:480,0
DA:481,0
DA:482,0
DA:487,2
DA:488,4
DA:489,3
DA:493,3
DA:494,3
DA:495,2
DA:499,2
DA:500,3
DA:501,3
DA:503,1
DA:504,1
DA:509,2
DA:510,4
DA:511,3
DA:515,2
DA:517,0
LF:232
LH:182
end_of_record
TN:
SF:/home/pm/Documents/GitHub/contracts-terra/contracts/amp-compounder/compound_proxy/src/queries.rs
FN:14,query_config
FN:16,{closure#0}
FN:17,{closure#0}
FN:22,get_lp
FN:27,get_lp_state
FN:42,get_lps
FN:56,{closure#0}
FN:63,get_routes
FN:84,{closure#0}
FN:97,{closure#0}
FN:106,{closure#1}
FNF:11
FNDA:1,query_config
FNDA:3,{closure#0}
FNDA:3,{closure#0}
FNDA:1,get_lp
FNDA:0,get_lp_state
FNDA:1,get_lps
FNDA:1,{closure#0}
FNDA:1,get_routes
FNDA:2,{closure#0}
FNDA:4,{closure#0}
FNDA:2,{closure#1}
DA:14,1
DA:15,1
DA:16,3
DA:17,3
DA:18,1
DA:22,1
DA:23,1
DA:24,1
DA:27,0
DA:28,0
DA:29,0
DA:31,0
DA:32,0
DA:34,0
DA:35,0
DA:36,0
DA:37,0
DA:38,0
DA:42,1
DA:47,1
DA:49,1
DA:50,1
DA:52,2
DA:54,1
DA:56,1
DA:57,2
DA:58,2
DA:63,1
DA:68,1
DA:70,1
DA:73,1
DA:74,0
DA:75,0
DA:77,1
DA:80,5
DA:82,1
DA:84,2
DA:85,2
DA:87,1
DA:88,4
DA:89,2
DA:91,1
DA:92,1
DA:93,1
DA:94,2
DA:95,1
DA:97,4
DA:100,1
DA:101,1
DA:102,1
DA:103,2
DA:106,2
LF:52
LH:40
end_of_record
TN:
SF:/home/pm/Documents/GitHub/contracts-terra/contracts/amp-compounder/compound_proxy/src/simulation.rs
FN:23,query_compound_simulation
FN:219,adjust_precision
FN:239,compute_d
FN:274,calculate_step
FN:290,checked_u8_mul
FNF:5
FNDA:2,query_compound_simulation
FNDA:0,adjust_precision
FNDA:0,compute_d
FNDA:0,calculate_step
FNDA:0,checked_u8_mul
DA:23,2
DA:28,2
DA:29,2
DA:30,4
DA:31,4
DA:32,4
DA:33,4
DA:34,2
DA:36,3
DA:37,7
DA:38,0
DA:41,4
DA:42,2
DA:43,0
DA:49,2
DA:50,2
DA:51,0
DA:53,0
DA:55,0
DA:59,2
DA:60,1
DA:61,2
DA:62,1
DA:64,0
DA:68,1
DA:69,2
DA:72,2
DA:74,1
DA:85,1
DA:86,1
DA:88,1
DA:90,1
DA:91,1
DA:95,3
DA:96,1
DA:97,1
DA:98,1
DA:99,1
DA:102,2
DA:103,1
DA:104,1
DA:105,1
DA:106,1
DA:109,2
DA:111,0
DA:117,4
DA:118,2
DA:122,2
DA:123,2
DA:124,2
DA:130,0
DA:131,0
DA:133,0
DA:135,0
DA:137,0
DA:140,0
DA:142,0
DA:143,0
DA:144,0
DA:150,0
DA:151,0
DA:152,0
DA:160,0
DA:161,0
DA:163,0
DA:165,0
DA:166,0
DA:167,0
DA:168,0
DA:170,0
DA:172,0
DA:175,0
DA:178,0
DA:179,0
DA:181,0
DA:185,0
DA:186,0
DA:188,0
DA:189,0
DA:195,0
DA:198,0
DA:202,2
DA:219,0
DA:224,0
DA:225,0
DA:226,0
DA:227,0
DA:228,0
DA:229,0
DA:239,0
DA:240,0
DA:242,0
DA:244,0
DA:245,0
DA:246,0
DA:249,0
DA:252,0
DA:253,0
DA:254,0
DA:255,0
DA:256,0
DA:258,0
DA:260,0
DA:264,0
DA:274,0
DA:275,0
DA:276,0
DA:278,0
DA:280,0
DA:282,0
DA:284,0
DA:286,0
DA:290,0
DA:291,0
DA:292,0
DA:293,0
DA:295,0
LF:117
LH:44
end_of_record
TN:
SF:/home/pm/Documents/GitHub/contracts-terra/contracts/amp-compounder/compound_proxy/src/state.rs
FN:30,assert_owner
FN:58,create_swap
FN:82,{closure#0}
FN:87,simulate
FN:125,default
FN:174,delete_route
FN:280,checked_save_route
FN:305,validate_commission
FN:315,validate_percentage
FNF:9
FNDA:2,assert_owner
FNDA:2,create_swap
FNDA:2,{closure#0}
FNDA:2,simulate
FNDA:10,default
FNDA:1,delete_route
FNDA:11,checked_save_route
FNDA:11,validate_commission
FNDA:11,validate_percentage
DA:30,2
DA:31,3
DA:32,1
DA:34,2
DA:58,2
DA:64,2
DA:65,1
DA:70,2
DA:71,2
DA:72,1
DA:73,1
DA:74,1
DA:76,6
DA:80,2
DA:81,2
DA:82,2
DA:87,2
DA:88,2
DA:89,1
DA:94,2
DA:96,1
DA:97,2
DA:100,2
DA:102,1
DA:125,10
DA:127,11
DA:128,10
DA:129,11
DA:130,11
DA:136,2
DA:137,2
DA:138,1
DA:141,1
DA:142,2
DA:144,2
DA:145,1
DA:148,2
DA:150,1
DA:153,11
DA:154,22
DA:155,11
DA:157,33
DA:158,11
DA:159,11
DA:160,11
DA:161,11
DA:162,22
DA:163,22
DA:164,11
DA:165,0
DA:167,11
DA:171,11
DA:174,1
DA:180,2
DA:182,1
DA:183,0
DA:186,1
DA:187,2
DA:188,1
DA:190,1
DA:193,11
DA:194,11
DA:195,11
DA:196,0
DA:197,0
DA:198,0
DA:199,0
DA:200,11
DA:201,33
DA:202,11
DA:203,22
DA:204,0
DA:205,0
DA:206,0
DA:211,22
DA:212,11
DA:215,11
DA:216,22
DA:217,11
DA:220,22
DA:223,22
DA:224,22
DA:228,23
DA:230,11
DA:231,0
DA:232,0
DA:233,0
DA:234,22
DA:235,11
DA:237,11
DA:238,0
DA:239,0
DA:243,22
DA:244,11
DA:247,11
DA:250,22
DA:251,0
DA:252,0
DA:254,33
DA:255,0
DA:256,0
DA:257,22
DA:258,11
DA:259,11
DA:261,0
DA:262,0
DA:263,0
DA:267,22
DA:269,11
DA:270,11
DA:272,22
DA:273,22
DA:277,11
DA:280,11
DA:286,11
DA:287,11
DA:288,1
DA:291,33
DA:292,0
DA:293,11
DA:294,11
DA:295,22
DA:296,11
DA:299,11
DA:305,11
DA:306,22
DA:307,0
DA:309,11
DA:315,11
DA:316,22
DA:317,0
DA:319,11
LF:132
LH:108
end_of_record
TN:
SF:/home/pm/Documents/GitHub/contracts-terra/contracts/amp-compounder/fees_collector/src/contract.rs
FN:29,instantiate
FN:67,execute
FN:99,{closure#0}
FN:105,{closure#1}
FN:109,{closure#0}
FN:116,{closure#3}
FN:125,collect
FN:140,{closure#0}
FN:149,{closure#1}
FN:180,swap_assets
FN:222,swap
FN:265,swap_bridge_assets
FN:289,{closure#0}
FN:311,distribute_fees
FN:328,distribute
FN:338,{closure#0}
FN:364,update_config
FN:396,{closure#0}
FN:407,update_bridges
FN:468,query
FN:480,query_get_balances
FN:501,query_bridges
FN:504,{closure#0}
FN:514,migrate
FNF:24
FNDA:1,instantiate
FNDA:1,execute
FNDA:2,{closure#0}
FNDA:0,{closure#1}
FNDA:2,{closure#0}
FNDA:2,{closure#3}
FNDA:1,collect
FNDA:5,{closure#0}
FNDA:4,{closure#1}
FNDA:1,swap_assets
FNDA:1,swap
FNDA:0,swap_bridge_assets
FNDA:0,{closure#0}
FNDA:1,distribute_fees
FNDA:1,distribute
FNDA:4,{closure#0}
FNDA:1,update_config
FNDA:3,{closure#0}
FNDA:1,update_bridges
FNDA:1,query
FNDA:0,query_get_balances
FNDA:1,query_bridges
FNDA:1,{closure#0}
FNDA:0,migrate
DA:29,1
DA:35,2
DA:36,2
DA:37,0
DA:39,1
DA:41,0
DA:44,2
DA:47,2
DA:48,2
DA:49,2
DA:50,1
DA:51,2
DA:59,2
DA:61,2
DA:67,1
DA:73,1
DA:74,1
DA:77,1
DA:81,1
DA:87,0
DA:91,2
DA:92,1
DA:96,2
DA:98,2
DA:99,2
DA:102,2
DA:104,2
DA:105,0
DA:108,3
DA:109,2
DA:110,2
DA:111,1
DA:114,1
DA:116,2
DA:125,1
DA:131,2
DA:132,1
DA:134,2
DA:135,1
DA:139,1
DA:140,5
DA:141,0
DA:143,1
DA:146,1
DA:147,1
DA:149,4
DA:153,3
DA:154,1
DA:157,1
DA:158,1
DA:159,2
DA:160,1
DA:162,1
DA:164,1
DA:180,1
DA:186,1
DA:187,1
DA:189,3
DA:191,2
DA:192,2
DA:193,3
DA:194,1
DA:198,3
DA:199,1
DA:200,1
DA:201,1
DA:202,2
DA:204,1
DA:208,1
DA:209,1
DA:215,1
DA:222,1
DA:228,2
DA:229,2
DA:232,2
DA:233,1
DA:234,1
DA:235,1
DA:236,1
DA:237,1
DA:242,2
DA:244,1
DA:245,1
DA:249,0
DA:250,0
DA:252,0
DA:253,0
DA:254,0
DA:255,0
DA:260,0
DA:265,0
DA:272,0
DA:273,0
DA:276,0
DA:277,0
DA:281,0
DA:282,0
DA:285,0
DA:287,0
DA:289,0
DA:290,0
DA:291,0
DA:295,0
DA:298,0
DA:299,0
DA:302,0
DA:303,0
DA:306,0
DA:311,1
DA:313,2
DA:314,1
DA:317,2
DA:318,2
DA:320,2
DA:328,1
DA:333,1
DA:334,1
DA:336,1
DA:338,4
DA:340,1
DA:342,2
DA:343,0
DA:346,3
DA:347,1
DA:348,2
DA:349,1
DA:350,1
DA:351,1
DA:352,1
DA:356,2
DA:358,1
DA:364,1
DA:372,2
DA:374,2
DA:375,1
DA:378,2
DA:379,2
DA:382,2
DA:383,2
DA:386,3
DA:387,2
DA:388,0
DA:390,1
DA:393,3
DA:394,2
DA:396,3
DA:397,0
DA:400,2
DA:402,2
DA:407,1
DA:413,2
DA:416,2
DA:417,1
DA:421,2
DA:422,2
DA:423,2
DA:428,1
DA:429,1
DA:430,3
DA:431,2
DA:432,0
DA:434,2
DA:438,2
DA:439,1
DA:442,3
DA:443,2
DA:453,1
DA:454,1
DA:455,1
DA:456,2
DA:457,1
DA:462,1
DA:468,1
DA:469,1
DA:470,2
DA:471,0
DA:474,3
DA:480,0
DA:482,0
DA:485,0
DA:487,0
DA:488,0
DA:489,0
DA:490,0
DA:491,0
DA:496,0
DA:501,1
DA:502,2
DA:503,1
DA:504,1
DA:505,1
DA:506,1
DA:514,0
DA:515,0
LF:194
LH:148
end_of_record
TN:
SF:/home/pm/Documents/GitHub/contracts-terra/contracts/amp-compounder/fees_collector/src/error.rs
FN:35,from
FNF:1
FNDA:0,from
DA:35,0
DA:36,0
LF:2
LH:0
end_of_record
TN:
SF:/home/pm/Documents/GitHub/contracts-terra/contracts/amp-compounder/fees_collector/src/utils.rs
FN:19,try_build_swap_msg
FN:40,build_swap_bridge_msg
FN:60,validate_bridge
FN:89,{closure#0}
FNF:4
FNDA:1,try_build_swap_msg
FNDA:1,build_swap_bridge_msg
FNDA:1,validate_bridge
FNDA:0,{closure#0}
DA:19,1
DA:26,2
DA:27,3
DA:28,1
DA:29,1
DA:32,1
DA:33,1
DA:34,1
DA:36,1
DA:40,1
DA:45,1
DA:48,1
DA:49,2
DA:50,1
DA:53,1
DA:56,1
DA:60,1
DA:70,1
DA:71,1
DA:72,2
DA:77,1
DA:78,1
DA:79,2
DA:81,1
DA:82,0
DA:83,0
DA:87,0
DA:88,0
DA:89,0
DA:92,0
DA:93,0
DA:94,0
DA:95,0
DA:96,0
DA:97,0
DA:101,1
LF:36
LH:25
end_of_record
TN:
SF:/home/pm/Documents/GitHub/contracts-terra/contracts/amp-compounder/generator_proxy/src/astro_generator.rs
FN:26,query_user_info
FN:57,query_proxy_reward_asset
FNF:2
FNDA:1,query_user_info
FNDA:1,query_proxy_reward_asset
DA:26,1
DA:32,1
DA:33,1
DA:34,2
DA:35,1
DA:36,4
DA:37,3
DA:38,1
DA:39,1
DA:42,0
DA:46,2
DA:49,1
DA:50,1
DA:52,1
DA:54,1
DA:57,1
DA:62,1
LF:17
LH:16
end_of_record
TN:
SF:/home/pm/Documents/GitHub/contracts-terra/contracts/amp-compounder/generator_proxy/src/astro_gov.rs
FN:27,from
FN:38,check
FN:61,query_lock
FN:66,query_last_claim_period
FN:72,claim_msg
FN:83,controller_vote_msg
FN:93,create_lock_msg
FN:107,extend_lock_amount_msg
FN:119,extend_lock_time_msg
FN:129,withdraw_msg
FN:138,calc_claim_amount
FN:200,calculate_reward
FNF:12
FNDA:0,from
FNDA:1,check
FNDA:1,query_lock
FNDA:1,query_last_claim_period
FNDA:1,claim_msg
FNDA:0,controller_vote_msg
FNDA:1,create_lock_msg
FNDA:1,extend_lock_amount_msg
FNDA:0,extend_lock_time_msg
FNDA:1,withdraw_msg
FNDA:1,calc_claim_amount
FNDA:1,calculate_reward
DA:27,0
DA:29,0
DA:30,0
DA:31,0
DA:32,0
DA:38,1
DA:39,1
DA:40,1
DA:41,2
DA:42,2
DA:43,2
DA:61,1
DA:62,2
DA:63,2
DA:66,1
DA:67,2
DA:69,2
DA:72,1
DA:73,1
DA:74,1
DA:75,2
DA:79,1
DA:83,0
DA:84,0
DA:85,0
DA:86,0
DA:87,0
DA:89,0
DA:93,1
DA:94,1
DA:95,1
DA:96,2
DA:97,1
DA:99,2
DA:103,1
DA:107,1
DA:108,1
DA:109,1
DA:110,2
DA:111,1
DA:113,2
DA:115,1
DA:119,0
DA:120,0
DA:121,0
DA:122,0
DA:125,0
DA:129,1
DA:130,1
DA:131,1
DA:132,2
DA:133,1
DA:138,1
DA:145,2
DA:146,1
DA:147,1
DA:148,1
DA:152,1
DA:154,1
DA:155,1
DA:157,1
DA:159,1
DA:164,1
DA:168,2
DA:169,1
DA:170,1
DA:171,1
DA:172,1
DA:176,2
DA:177,1
DA:178,1
DA:179,1
DA:183,3
DA:184,1
DA:186,3
DA:188,1
DA:189,1
DA:190,1
DA:194,2
DA:197,1
DA:200,1
DA:207,1
DA:208,1
DA:211,1
LF:84
LH:68
end_of_record
TN:
SF:/home/pm/Documents/GitHub/contracts-terra/contracts/amp-compounder/generator_proxy/src/bond.rs
FN:17,execute_deposit
FN:58,execute_withdraw
FN:70,{closure#0}
FN:99,execute_claim_rewards
FN:114,{closure#0}
FN:139,fetch_balance
FN:154,reconcile_claimed_by_others
FN:164,{closure#0}
FN:230,reconcile_astro_reward
FN:255,reconcile_token_reward
FN:268,callback_after_bond_claimed
FN:280,{closure#0}
FN:324,callback_after_bond_changed
FN:346,reconcile_to_user_info
FN:359,callback_deposit
FN:371,{closure#0}
FN:397,callback_withdraw
FN:434,callback_claim_rewards
FN:467,query_pending_token
FN:490,{closure#0}
FN:517,{closure#1}
FN:560,query_deposit
FN:573,{closure#0}
FNF:23
FNDA:1,execute_deposit
FNDA:1,execute_withdraw
FNDA:0,{closure#0}
FNDA:1,execute_claim_rewards
FNDA:0,{closure#0}
FNDA:0,fetch_balance
FNDA:1,reconcile_claimed_by_others
FNDA:3,{closure#0}
FNDA:1,reconcile_astro_reward
FNDA:1,reconcile_token_reward
FNDA:1,callback_after_bond_claimed
FNDA:0,{closure#0}
FNDA:1,callback_after_bond_changed
FNDA:1,reconcile_to_user_info
FNDA:1,callback_deposit
FNDA:3,{closure#0}
FNDA:1,callback_withdraw
FNDA:1,callback_claim_rewards
FNDA:1,query_pending_token
FNDA:1,{closure#0}
FNDA:4,{closure#1}
FNDA:1,query_deposit
FNDA:3,{closure#0}
DA:17,1
DA:25,1
DA:26,2
DA:27,2
DA:29,2
DA:30,1
DA:32,2
DA:33,2
DA:34,2
DA:35,1
DA:36,3
DA:37,1
DA:38,1
DA:40,1
DA:45,5
DA:46,2
DA:48,3
DA:49,1
DA:50,1
DA:53,1
DA:58,1
DA:65,2
DA:66,2
DA:67,3
DA:69,1
DA:70,0
DA:71,2
DA:74,1
DA:75,2
DA:76,3
DA:77,1
DA:78,3
DA:79,1
DA:80,1
DA:82,1
DA:86,5
DA:87,2
DA:89,3
DA:90,1
DA:91,1
DA:94,1
DA:99,1
DA:105,2
DA:107,1
DA:109,3
DA:110,2
DA:111,3
DA:113,1
DA:114,0
DA:115,1
DA:117,2
DA:118,3
DA:119,1
DA:120,3
DA:121,1
DA:122,1
DA:124,1
DA:127,1
DA:128,3
DA:129,1
DA:130,1
DA:132,1
DA:136,1
DA:139,0
DA:145,0
DA:146,0
DA:147,0
DA:148,0
DA:149,0
DA:151,0
DA:154,1
DA:162,2
DA:163,1
DA:164,3
DA:165,1
DA:167,0
DA:169,0
DA:171,1
DA:172,0
DA:174,0
DA:176,1
DA:180,2
DA:182,1
DA:184,2
DA:185,3
DA:186,1
DA:187,1
DA:188,1
DA:189,1
DA:195,0
DA:197,0
DA:201,2
DA:204,2
DA:206,3
DA:207,1
DA:208,1
DA:209,1
DA:211,1
DA:212,2
DA:213,1
DA:214,1
DA:215,0
DA:216,0
DA:219,2
DA:223,1
DA:224,2
DA:225,1
DA:227,1
DA:230,1
DA:237,1
DA:238,1
DA:239,1
DA:241,1
DA:242,1
DA:243,1
DA:244,1
DA:245,1
DA:246,1
DA:247,1
DA:248,1
DA:249,1
DA:250,1
DA:252,1
DA:255,1
DA:261,1
DA:262,1
DA:263,1
DA:265,1
DA:268,1
DA:275,2
DA:276,2
DA:277,3
DA:279,1
DA:280,0
DA:283,2
DA:285,1
DA:286,2
DA:288,2
DA:289,2
DA:290,3
DA:296,1
DA:298,2
DA:303,3
DA:304,1
DA:305,1
DA:306,1
DA:307,2
DA:308,3
DA:309,1
DA:310,2
DA:316,1
DA:317,1
DA:318,1
DA:319,1
DA:321,2
DA:324,1
DA:330,2
DA:333,2
DA:337,2
DA:338,1
DA:339,1
DA:340,2
DA:343,2
DA:346,1
DA:347,1
DA:349,4
DA:350,1
DA:351,1
DA:352,1
DA:354,2
DA:356,1
DA:359,1
DA:367,2
DA:368,2
DA:369,3
DA:370,1
DA:371,3
DA:374,2
DA:375,2
DA:377,2
DA:378,1
DA:379,1
DA:382,1
DA:383,2
DA:385,2
DA:386,5
DA:387,2
DA:389,3
DA:390,1
DA:392,1
DA:397,1
DA:405,2
DA:406,2
DA:407,3
DA:410,2
DA:411,2
DA:413,2
DA:414,2
DA:415,2
DA:418,2
DA:419,2
DA:421,2
DA:422,6
DA:423,2
DA:424,2
DA:426,3
DA:427,1
DA:429,1
DA:434,1
DA:441,2
DA:442,2
DA:443,2
DA:446,1
DA:447,3
DA:448,1
DA:452,1
DA:453,2
DA:454,2
DA:456,2
DA:457,2
DA:459,2
DA:462,1
DA:464,2
DA:467,1
DA:474,2
DA:475,2
DA:476,2
DA:477,2
DA:479,1
DA:481,1
DA:482,1
DA:483,1
DA:487,2
DA:488,3
DA:489,1
DA:490,1
DA:491,2
DA:495,2
DA:497,1
DA:499,2
DA:500,3
DA:501,1
DA:502,1
DA:503,1
DA:514,2
DA:516,1
DA:517,4
DA:519,0
DA:521,4
DA:522,1
DA:523,1
DA:524,1
DA:525,1
DA:528,1
DA:529,2
DA:530,1
DA:532,1
DA:534,1
DA:537,1
DA:540,2
DA:541,1
DA:542,3
DA:543,2
DA:544,1
DA:546,2
DA:550,1
DA:551,1
DA:552,3
DA:553,0
DA:555,1
DA:560,1
DA:567,2
DA:568,2
DA:569,2
DA:570,2
DA:571,3
DA:572,1
DA:573,3
DA:576,2
DA:578,2
DA:579,1
LF:281
LH:261
end_of_record
TN:
SF:/home/pm/Documents/GitHub/contracts-terra/contracts/amp-compounder/generator_proxy/src/contract.rs
FN:35,instantiate
FN:74,execute
FN:113,{closure#0}
FN:119,{closure#1}
FN:123,{closure#0}
FN:130,{closure#3}
FN:148,receive_cw20
FN:163,handle_callback
FN:204,query
FN:236,migrate
FNF:10
FNDA:1,instantiate
FNDA:1,execute
FNDA:0,{closure#0}
FNDA:0,{closure#1}
FNDA:0,{closure#0}
FNDA:0,{closure#3}
FNDA:1,receive_cw20
FNDA:1,handle_callback
FNDA:1,query
FNDA:0,migrate
DA:35,1
DA:41,3
DA:42,2
DA:45,2
DA:46,2
DA:47,2
DA:48,2
DA:49,2
DA:50,2
DA:51,1
DA:52,1
DA:53,1
DA:55,2
DA:57,2
DA:59,1
DA:60,1
DA:62,1
DA:63,1
DA:66,1
DA:68,2
DA:74,1
DA:80,1
DA:81,2
DA:82,2
DA:84,1
DA:88,1
DA:93,0
DA:96,2
DA:98,1
DA:101,2
DA:106,0
DA:110,0
DA:112,0
DA:113,0
DA:116,0
DA:118,0
DA:119,0
DA:122,0
DA:123,0
DA:124,0
DA:125,0
DA:128,0
DA:130,0
DA:133,2
DA:134,1
DA:137,1
DA:140,2
DA:148,1
DA:154,2
DA:155,2
DA:156,2
DA:157,1
DA:163,1
DA:170,2
DA:171,1
DA:173,1
DA:174,1
DA:178,1
DA:183,1
DA:188,1
DA:191,1
DA:195,1
DA:204,1
DA:205,3
DA:206,3
DA:210,1
DA:214,2
DA:215,2
DA:218,1
DA:222,3
DA:225,3
DA:226,2
DA:230,1
DA:236,0
DA:237,0
LF:75
LH:59
end_of_record
TN:
SF:/home/pm/Documents/GitHub/contracts-terra/contracts/amp-compounder/generator_proxy/src/model.rs
FN:36,zero_address
FN:51,calc_bond_share
FN:66,calc_bond_amount
FN:83,create
FN:91,to_response
FN:124,calc_bond_share
FN:140,calc_bond_amount
FN:161,create
FN:172,update_staking
FN:180,to_response
FN:276,to_cosmos_msg
FN:315,to_cosmos_msg
FNF:12
FNDA:0,zero_address
FNDA:1,calc_bond_share
FNDA:1,calc_bond_amount
FNDA:1,create
FNDA:1,to_response
FNDA:1,calc_bond_share
FNDA:1,calc_bond_amount
FNDA:1,create
FNDA:1,update_staking
FNDA:1,to_response
FNDA:1,to_cosmos_msg
FNDA:1,to_cosmos_msg
DA:36,0
DA:37,0
DA:51,1
DA:57,1
DA:58,1
DA:59,1
DA:60,1
DA:62,1
DA:66,1
DA:67,1
DA:68,1
DA:70,1
DA:83,1
DA:85,1
DA:86,1
DA:87,1
DA:91,1
DA:97,1
DA:98,1
DA:99,1
DA:100,1
DA:124,1
DA:130,1
DA:131,1
DA:132,1
DA:133,1
DA:134,1
DA:136,1
DA:140,1
DA:141,1
DA:142,1
DA:143,0
DA:145,1
DA:161,1
DA:163,1
DA:164,1
DA:165,1
DA:166,1
DA:167,1
DA:168,1
DA:172,1
DA:173,2
DA:174,1
DA:175,1
DA:176,1
DA:180,1
DA:186,1
DA:187,1
DA:188,1
DA:189,1
DA:190,1
DA:191,1
DA:192,1
DA:276,1
DA:277,1
DA:278,1
DA:279,2
DA:280,1
DA:315,1
DA:316,1
DA:317,1
DA:318,3
DA:319,1
LF:63
LH:60
end_of_record
TN:
SF:/home/pm/Documents/GitHub/contracts-terra/contracts/amp-compounder/generator_proxy/src/oper.rs
FN:10,validate_percentage
FN:17,execute_update_config
FN:44,execute_update_parameters
FN:71,execute_controller_vote
FN:88,execute_send_income
FN:115,query_config
FNF:6
FNDA:1,validate_percentage
FNDA:1,execute_update_config
FNDA:1,execute_update_parameters
FNDA:0,execute_controller_vote
FNDA:1,execute_send_income
FNDA:1,query_config
DA:10,1
DA:11,2
DA:12,1
DA:14,1
DA:17,1
DA:25,2
DA:26,2
DA:27,1
DA:30,1
DA:31,0
DA:34,3
DA:35,3
DA:36,1
DA:39,2
DA:41,2
DA:44,1
DA:52,2
DA:53,2
DA:54,1
DA:57,1
DA:58,0
DA:61,2
DA:62,3
DA:63,1
DA:66,2
DA:68,2
DA:71,0
DA:78,0
DA:79,0
DA:80,0
DA:83,0
DA:85,0
DA:88,1
DA:94,2
DA:95,2
DA:96,1
DA:99,1
DA:100,2
DA:101,1
DA:102,2
DA:103,1
DA:106,1
DA:108,3
DA:109,2
DA:112,2
DA:115,1
DA:116,1
LF:47
LH:39
end_of_record
TN:
SF:/home/pm/Documents/GitHub/contracts-terra/contracts/amp-compounder/generator_proxy/src/query.rs
FN:9,query_pool_info
FN:14,query_user_info
FN:25,{closure#0}
FN:34,query_reward_info
FN:39,query_staking_state
FN:43,query_staker_info
FNF:6
FNDA:1,query_pool_info
FNDA:1,query_user_info
FNDA:1,{closure#0}
FNDA:1,query_reward_info
FNDA:1,query_staking_state
FNDA:1,query_staker_info
DA:9,1
DA:10,2
DA:11,1
DA:14,1
DA:20,2
DA:21,2
DA:22,2
DA:23,3
DA:24,1
DA:25,1
DA:26,2
DA:28,2
DA:29,2
DA:31,2
DA:34,1
DA:35,2
DA:36,1
DA:39,1
DA:40,1
DA:43,1
DA:44,2
DA:45,2
DA:46,2
DA:47,2
DA:48,2
DA:50,1
DA:51,2
DA:52,1
DA:54,1
DA:55,2
LF:30
LH:30
end_of_record
TN:
SF:/home/pm/Documents/GitHub/contracts-terra/contracts/amp-compounder/generator_proxy/src/staking.rs
FN:14,execute_stake
FN:51,{closure#0}
FN:67,reconcile_staker_income
FN:81,reconcile_to_staker_info
FN:92,execute_relock
FN:137,reconcile_staking_claim_by_others
FN:166,callback_after_staking_claimed
FN:195,execute_request_unstake
FN:226,execute_withdraw_unstaked
FN:253,execute_claim_income
FNF:10
FNDA:1,execute_stake
FNDA:3,{closure#0}
FNDA:1,reconcile_staker_income
FNDA:1,reconcile_to_staker_info
FNDA:1,execute_relock
FNDA:1,reconcile_staking_claim_by_others
FNDA:1,callback_after_staking_claimed
FNDA:1,execute_request_unstake
FNDA:1,execute_withdraw_unstaked
FNDA:1,execute_claim_income
DA:14,1
DA:22,2
DA:23,2
DA:24,1
DA:28,2
DA:29,2
DA:30,1
DA:34,1
DA:35,4
DA:36,1
DA:37,1
DA:39,3
DA:40,1
DA:41,1
DA:43,2
DA:44,1
DA:47,2
DA:48,2
DA:49,3
DA:50,1
DA:51,3
DA:53,1
DA:54,2
DA:56,2
DA:57,1
DA:58,1
DA:60,1
DA:61,2
DA:62,2
DA:64,2
DA:67,1
DA:71,1
DA:72,1
DA:74,1
DA:75,1
DA:78,1
DA:81,1
DA:85,2
DA:86,1
DA:87,1
DA:89,1
DA:92,1
DA:98,2
DA:99,2
DA:100,1
DA:104,2
DA:105,2
DA:106,2
DA:107,2
DA:108,1
DA:109,1
DA:110,1
DA:114,1
DA:122,2
DA:123,2
DA:125,6
DA:126,2
DA:128,3
DA:131,1
DA:133,2
DA:134,2
DA:137,1
DA:145,1
DA:147,2
DA:149,1
DA:150,1
DA:153,1
DA:156,2
DA:157,1
DA:158,1
DA:159,1
DA:160,1
DA:161,1
DA:163,1
DA:166,1
DA:172,2
DA:173,2
DA:174,2
DA:177,2
DA:179,1
DA:182,2
DA:183,2
DA:184,1
DA:185,1
DA:186,1
DA:189,2
DA:190,2
DA:192,2
DA:195,1
DA:202,2
DA:203,2
DA:204,2
DA:205,2
DA:208,2
DA:209,2
DA:210,1
DA:211,1
DA:212,2
DA:213,2
DA:214,1
DA:215,1
DA:216,1
DA:219,1
DA:220,2
DA:221,2
DA:223,2
DA:226,1
DA:233,2
DA:234,2
DA:235,2
DA:238,1
DA:239,1
DA:240,2
DA:241,2
DA:244,2
DA:245,2
DA:248,2
DA:250,1
DA:253,1
DA:259,2
DA:260,2
DA:261,2
DA:262,2
DA:265,2
DA:266,2
DA:267,1
DA:268,2
DA:269,1
DA:272,2
DA:273,2
DA:274,2
DA:276,2
DA:277,1
LF:133
LH:133
end_of_record
TN:
SF:/home/pm/Documents/GitHub/contracts-terra/contracts/amp-compounder/pair_proxy/src/contract.rs
FN:22,instantiate
FN:81,execute
FN:123,receive_cw20
FN:166,swap
FN:224,compute_minimum_receive
FN:240,query
FN:253,query_simulation
FN:286,migrate
FNF:8
FNDA:1,instantiate
FNDA:1,execute
FNDA:1,receive_cw20
FNDA:1,swap
FNDA:1,compute_minimum_receive
FNDA:0,query
FNDA:0,query_simulation
FNDA:0,migrate
DA:22,1
DA:29,2
DA:30,1
DA:31,1
DA:33,1
DA:34,0
DA:37,1
DA:38,3
DA:39,1
DA:40,2
DA:41,1
DA:45,2
DA:46,0
DA:48,1
DA:50,2
DA:51,0
DA:53,1
DA:57,1
DA:66,1
DA:67,2
DA:68,1
DA:73,2
DA:75,2
DA:81,1
DA:87,1
DA:88,2
DA:89,1
DA:95,2
DA:96,2
DA:97,0
DA:100,1
DA:101,0
DA:103,1
DA:106,1
DA:107,1
DA:108,1
DA:109,1
DA:110,1
DA:113,1
DA:123,1
DA:129,2
DA:130,2
DA:131,1
DA:136,2
DA:137,2
DA:139,0
DA:143,1
DA:144,1
DA:145,1
DA:146,1
DA:147,1
DA:148,1
DA:149,1
DA:151,1
DA:155,1
DA:158,0
DA:166,1
DA:176,2
DA:178,2
DA:180,1
DA:183,1
DA:184,1
DA:185,1
DA:187,2
DA:188,1
DA:190,2
DA:191,1
DA:192,1
DA:195,0
DA:198,2
DA:199,1
DA:200,1
DA:202,1
DA:208,1
DA:210,0
DA:212,3
DA:213,1
DA:214,1
DA:215,1
DA:216,1
DA:220,2
DA:224,1
DA:231,1
DA:233,1
DA:234,1
DA:240,0
DA:241,0
DA:242,0
DA:243,0
DA:244,0
DA:253,0
DA:254,0
DA:256,0
DA:258,0
DA:259,0
DA:260,0
DA:262,0
DA:263,0
DA:265,0
DA:266,0
DA:267,0
DA:270,0
DA:273,0
DA:276,0
DA:278,0
DA:279,0
DA:286,0
DA:287,0
LF:108
LH:76
end_of_record
TN:
SF:/home/pm/Documents/GitHub/contracts-terra/contracts/amp-compounder/pair_proxy/src/error.rs
FN:28,from
FNF:1
FNDA:0,from
DA:28,0
DA:29,0
LF:2
LH:0
end_of_record
TN:
SF:/home/pm/Documents/GitHub/contracts-terra/contracts/amp-extractor/src/constants.rs
FN:6,get_yield_extract_max
FN:10,get_yield_extract_min
FN:15,assert_valid_yield_extract
FNF:3
FNDA:7,get_yield_extract_max
FNDA:8,get_yield_extract_min
FNDA:7,assert_valid_yield_extract
DA:6,7
DA:8,8
DA:10,8
DA:12,7
DA:15,7
DA:16,8
DA:17,0
DA:20,15
DA:21,0
DA:24,15
LF:10
LH:8
end_of_record
TN:
SF:/home/pm/Documents/GitHub/contracts-terra/contracts/amp-extractor/src/contract.rs
FN:16,instantiate
FN:26,execute
FN:40,receive
FN:80,reply
FN:88,query
FN:101,migrate
FNF:6
FNDA:6,instantiate
FNDA:7,execute
FNDA:5,receive
FNDA:8,reply
FNDA:1,query
FNDA:0,migrate
DA:16,6
DA:22,8
DA:26,7
DA:27,7
DA:28,6
DA:29,1
DA:32,2
DA:33,2
DA:34,2
DA:40,5
DA:46,5
DA:47,10
DA:50,1
DA:52,1
DA:53,2
DA:54,1
DA:60,3
DA:64,5
DA:66,5
DA:67,10
DA:68,1
DA:74,9
DA:80,8
DA:81,8
DA:82,24
DA:83,0
DA:88,1
DA:89,1
DA:90,3
DA:91,1
DA:94,3
DA:101,0
DA:102,0
DA:104,0
DA:106,0
DA:108,0
LF:36
LH:30
end_of_record
TN:
SF:/home/pm/Documents/GitHub/contracts-terra/contracts/amp-extractor/src/execute.rs
FN:24,instantiate
FN:68,register_lp_token
FN:74,{closure#0}
FN:80,{closure#2}
FN:94,harvest
FN:130,withdraw
FN:176,deposit
FN:210,extract
FN:266,transfer_ownership
FN:275,accept_ownership
FN:295,update_config
FNF:11
FNDA:6,instantiate
FNDA:8,register_lp_token
FNDA:16,{closure#0}
FNDA:16,{closure#2}
FNDA:1,harvest
FNDA:1,withdraw
FNDA:4,deposit
FNDA:5,extract
FNDA:1,transfer_ownership
FNDA:1,accept_ownership
FNDA:1,update_config
DA:24,6
DA:25,11
DA:27,3
DA:29,8
DA:31,7
DA:32,1
DA:33,15
DA:34,16
DA:35,16
DA:36,24
DA:37,8
DA:38,8
DA:39,8
DA:40,8
DA:41,8
DA:42,16
DA:46,24
DA:47,8
DA:48,8
DA:49,8
DA:50,16
DA:51,8
DA:52,8
DA:53,8
DA:54,8
DA:55,8
DA:56,8
DA:57,8
DA:59,8
DA:61,8
DA:62,8
DA:68,8
DA:69,8
DA:71,8
DA:74,16
DA:75,0
DA:77,16
DA:80,16
DA:81,0
DA:82,0
DA:84,16
DA:85,16
DA:87,16
DA:94,1
DA:95,1
DA:96,1
DA:97,2
DA:99,2
DA:100,2
DA:101,2
DA:103,2
DA:104,3
DA:107,1
DA:108,1
DA:109,2
DA:111,1
DA:113,1
DA:116,2
DA:117,1
DA:118,1
DA:120,3
DA:121,1
DA:122,1
DA:130,1
DA:136,1
DA:138,1
DA:139,2
DA:140,2
DA:141,2
DA:143,2
DA:147,1
DA:148,1
DA:149,2
DA:152,1
DA:156,1
DA:157,1
DA:158,2
DA:160,1
DA:162,1
DA:165,2
DA:166,1
DA:168,1
DA:170,4
DA:171,2
DA:172,1
DA:176,4
DA:182,5
DA:184,5
DA:185,10
DA:186,10
DA:188,10
DA:190,5
DA:191,5
DA:192,10
DA:193,5
DA:196,5
DA:199,10
DA:200,5
DA:202,5
DA:204,11
DA:205,5
DA:206,5
DA:210,5
DA:216,10
DA:217,10
DA:218,10
DA:219,10
DA:221,10
DA:224,10
DA:227,15
DA:229,10
DA:232,10
DA:234,10
DA:237,2
DA:240,10
DA:241,5
DA:242,5
DA:246,4
DA:248,4
DA:249,2
DA:250,0
DA:252,4
DA:254,4
DA:255,4
DA:257,4
DA:259,2
DA:266,1
DA:267,1
DA:269,2
DA:270,2
DA:272,1
DA:275,1
DA:276,1
DA:278,1
DA:279,2
DA:281,2
DA:282,1
DA:285,2
DA:286,1
DA:288,3
DA:289,1
DA:290,2
DA:292,2
DA:295,1
DA:300,1
DA:302,2
DA:304,2
DA:306,2
DA:307,2
DA:310,2
DA:312,2
LF:151
LH:147
end_of_record
TN:
SF:/home/pm/Documents/GitHub/contracts-terra/contracts/amp-extractor/src/helpers.rs
FN:11,unwrap_reply
FN:16,query_cw20_total_supply
FN:26,query_cw20_balance
FN:41,query_exchange_rate
FNF:4
FNDA:8,unwrap_reply
FNDA:5,query_cw20_total_supply
FNDA:1,query_cw20_balance
FNDA:5,query_exchange_rate
DA:11,8
DA:12,8
DA:16,5
DA:20,5
DA:22,5
DA:26,1
DA:31,2
DA:33,1
DA:34,1
DA:37,1
DA:41,5
DA:46,5
DA:48,10
DA:51,5
DA:54,0
DA:57,0
DA:60,0
DA:63,0
LF:18
LH:14
end_of_record
TN:
SF:/home/pm/Documents/GitHub/contracts-terra/contracts/amp-extractor/src/math.rs
FN:7,compute_mint_amount
FN:19,compute_withdraw_amount
FNF:2
FNDA:1,compute_mint_amount
FNDA:1,compute_withdraw_amount
DA:7,1
DA:12,1
DA:13,5
DA:15,1
DA:19,1
DA:24,1
DA:25,0
DA:27,1
LF:8
LH:7
end_of_record
TN:
SF:/home/pm/Documents/GitHub/contracts-terra/contracts/amp-extractor/src/queries.rs
FN:13,config
FN:20,{closure#0}
FN:31,state
FN:81,{closure#0}
FN:101,share
FNF:5
FNDA:1,config
FNDA:2,{closure#0}
FNDA:1,state
FNDA:6,{closure#0}
FNDA:1,share
DA:13,1
DA:14,1
DA:16,1
DA:18,1
DA:19,2
DA:20,2
DA:21,2
DA:22,2
DA:24,1
DA:25,1
DA:26,1
DA:27,1
DA:31,1
DA:32,1
DA:34,1
DA:36,2
DA:37,2
DA:39,2
DA:40,2
DA:41,2
DA:42,2
DA:43,2
DA:45,2
DA:46,2
DA:49,4
DA:57,4
DA:61,6
DA:62,2
DA:63,2
DA:65,4
DA:66,4
DA:69,2
DA:70,1
DA:72,4
DA:75,3
DA:76,6
DA:78,1
DA:81,6
DA:84,1
DA:85,1
DA:87,1
DA:89,1
DA:91,1
DA:92,1
DA:94,1
DA:97,1
DA:101,1
DA:102,1
DA:103,1
DA:104,2
DA:105,2
DA:107,2
DA:109,2
DA:111,2
DA:113,2
DA:114,3
DA:116,1
DA:119,2
DA:121,1
DA:123,1
LF:60
LH:60
end_of_record
TN:
SF:/home/pm/Documents/GitHub/contracts-terra/contracts/amp-extractor/src/state.rs
FN:24,default
FNF:1
FNDA:6,default
DA:24,6
DA:26,8
DA:27,7
DA:28,8
DA:29,7
DA:30,8
DA:32,7
DA:33,8
DA:34,7
DA:40,2
DA:41,2
DA:42,6
DA:43,1
DA:45,4
LF:14
LH:14
end_of_record
TN:
SF:/home/pm/Documents/GitHub/contracts-terra/contracts/amp-governance/amp_gauges/src/contract.rs
FN:45,instantiate
FN:95,execute
FN:137,{closure#0}
FN:141,{closure#1}
FN:162,handle_vote
FN:218,apply_votest_of_user
FN:256,remove_votes_of_user
FN:303,update_vote
FN:356,remove_user
FN:386,tune_vamp
FN:422,{closure#1}
FN:423,{closure#2}
FN:457,update_config
FN:484,query
FN:506,user_info
FN:511,{closure#0}
FN:515,validator_infos
FN:545,validator_info
FN:558,migrate
FNF:19
FNDA:12,instantiate
FNDA:2,execute
FNDA:2,{closure#0}
FNDA:2,{closure#1}
FNDA:4,handle_vote
FNDA:4,apply_votest_of_user
FNDA:4,remove_votes_of_user
FNDA:4,update_vote
FNDA:0,remove_user
FNDA:3,tune_vamp
FNDA:8,{closure#1}
FNDA:6,{closure#2}
FNDA:1,update_config
FNDA:3,query
FNDA:0,user_info
FNDA:0,{closure#0}
FNDA:0,validator_infos
FNDA:0,validator_info
FNDA:0,migrate
DA:45,12
DA:51,18
DA:53,18
DA:54,6
DA:55,6
DA:56,18
DA:57,18
DA:58,18
DA:59,12
DA:64,18
DA:65,12
DA:66,6
DA:67,6
DA:68,12
DA:72,12
DA:95,2
DA:96,2
DA:97,10
DA:100,4
DA:104,0
DA:107,6
DA:108,1
DA:111,1
DA:115,2
DA:118,1
DA:119,1
DA:120,1
DA:121,1
DA:123,1
DA:129,0
DA:131,0
DA:135,3
DA:136,1
DA:137,2
DA:138,2
DA:139,1
DA:141,2
DA:162,4
DA:168,4
DA:169,8
DA:170,8
DA:172,8
DA:173,8
DA:174,4
DA:175,0
DA:178,8
DA:181,16
DA:182,8
DA:183,0
DA:186,8
DA:189,8
DA:191,12
DA:192,8
DA:193,0
DA:195,8
DA:196,4
DA:201,16
DA:203,8
DA:206,4
DA:207,4
DA:209,4
DA:210,4
DA:211,4
DA:212,4
DA:215,12
DA:218,4
DA:227,16
DA:228,6
DA:229,6
DA:230,6
DA:231,6
DA:232,6
DA:234,6
DA:235,6
DA:236,6
DA:237,6
DA:238,6
DA:239,6
DA:240,12
DA:241,6
DA:245,6
DA:247,6
DA:248,6
DA:249,6
DA:252,12
DA:253,6
DA:256,4
DA:261,10
DA:262,2
DA:265,2
DA:266,2
DA:268,2
DA:272,6
DA:273,2
DA:274,2
DA:275,2
DA:276,2
DA:277,2
DA:279,2
DA:280,2
DA:281,2
DA:282,2
DA:283,2
DA:284,2
DA:285,4
DA:286,2
DA:291,10
DA:292,1
DA:293,1
DA:294,1
DA:295,1
DA:296,1
DA:300,4
DA:303,4
DA:310,8
DA:311,8
DA:313,8
DA:314,0
DA:317,8
DA:318,8
DA:320,6
DA:321,3
DA:323,2
DA:325,1
DA:326,1
DA:327,1
DA:328,1
DA:329,1
DA:330,1
DA:332,2
DA:334,2
DA:337,4
DA:339,2
DA:340,2
DA:342,2
DA:343,2
DA:344,2
DA:345,2
DA:348,4
DA:353,8
DA:356,0
DA:357,0
DA:358,0
DA:360,0
DA:361,0
DA:363,0
DA:364,0
DA:365,0
DA:367,0
DA:368,0
DA:369,0
DA:371,0
DA:373,0
DA:375,0
DA:378,0
DA:386,3
DA:387,6
DA:388,8
DA:390,10
DA:392,14
DA:393,10
DA:396,10
DA:397,5
DA:400,10
DA:402,6
DA:403,8
DA:407,11
DA:409,1
DA:410,1
DA:411,1
DA:412,1
DA:414,0
DA:416,1
DA:418,4
DA:422,8
DA:423,6
DA:426,7
DA:427,8
DA:428,5
DA:429,5
DA:430,5
DA:431,5
DA:434,3
DA:435,1
DA:438,8
DA:439,4
DA:441,17
DA:444,10
DA:457,1
DA:458,2
DA:460,3
DA:462,2
DA:463,1
DA:466,1
DA:468,2
DA:484,3
DA:485,3
DA:486,0
DA:489,6
DA:490,2
DA:491,0
DA:494,0
DA:498,0
DA:506,0
DA:507,0
DA:508,0
DA:509,0
DA:511,0
DA:515,0
DA:521,0
DA:522,0
DA:525,0
DA:526,0
DA:527,0
DA:530,0
DA:533,0
DA:535,0
DA:536,0
DA:537,0
DA:541,0
DA:545,0
DA:551,0
DA:552,0
DA:553,0
DA:558,0
DA:559,0
DA:560,0
DA:562,0
DA:563,0
DA:570,0
DA:572,0
LF:231
LH:176
end_of_record
TN:
SF:/home/pm/Documents/GitHub/contracts-terra/contracts/amp-governance/amp_gauges/src/state.rs
FN:38,into_response
FN:42,{closure#0}
FNF:2
FNDA:0,into_response
FNDA:0,{closure#0}
DA:38,0
DA:39,0
DA:42,0
DA:46,0
DA:47,0
DA:48,0
DA:49,0
DA:51,0
LF:8
LH:0
end_of_record
TN:
SF:/home/pm/Documents/GitHub/contracts-terra/contracts/amp-governance/amp_gauges/src/utils.rs
FN:21,calc_slope
FN:28,calc_voting_power
FN:47,filter_validators
FN:73,cancel_user_changes
FN:103,{closure#0}
FN:109,vote_for_validator
FN:122,{closure#0}
FN:131,{closure#1}
FN:134,add_fixed_vamp
FN:149,remove_fixed_vamp
FN:161,{closure#0}
FN:171,update_validator_info
FN:204,add_validator_to_active
FN:215,get_validator_info_mut
FN:274,get_validator_info
FN:333,fetch_last_validator_period
FN:343,{closure#0}
FN:347,fetch_last_validator_fixed_vamp_value
FN:356,fetch_last_validator_fixed_vamp
FN:366,{closure#0}
FN:371,fetch_slope_changes
FNF:21
FNDA:6,calc_slope
FNDA:6,calc_voting_power
FNDA:5,filter_validators
FNDA:2,cancel_user_changes
FNDA:4,{closure#0}
FNDA:6,vote_for_validator
FNDA:12,{closure#0}
FNDA:12,{closure#1}
FNDA:6,add_fixed_vamp
FNDA:3,remove_fixed_vamp
FNDA:0,{closure#0}
FNDA:6,update_validator_info
FNDA:6,add_validator_to_active
FNDA:6,get_validator_info_mut
FNDA:0,get_validator_info
FNDA:6,fetch_last_validator_period
FNDA:8,{closure#0}
FNDA:6,fetch_last_validator_fixed_vamp_value
FNDA:6,fetch_last_validator_fixed_vamp
FNDA:12,{closure#0}
FNDA:1,fetch_slope_changes
DA:21,6
DA:22,6
DA:23,12
DA:24,2
DA:28,6
DA:29,6
DA:30,12
DA:31,2
DA:47,5
DA:53,10
DA:55,10
DA:57,13
DA:58,8
DA:59,4
DA:61,0
DA:67,3
DA:73,2
DA:83,2
DA:85,2
DA:86,2
DA:87,4
DA:89,4
DA:90,2
DA:91,0
DA:93,2
DA:101,2
DA:103,4
DA:109,6
DA:119,12
DA:121,6
DA:122,12
DA:123,7
DA:124,2
DA:126,6
DA:130,12
DA:131,12
DA:134,6
DA:140,6
DA:142,12
DA:143,12
DA:144,12
DA:146,6
DA:149,3
DA:155,3
DA:158,6
DA:159,6
DA:161,0
DA:162,6
DA:164,3
DA:171,6
DA:177,6
DA:178,6
DA:179,15
DA:180,6
DA:182,12
DA:184,18
DA:185,12
DA:186,6
DA:187,6
DA:189,12
DA:190,12
DA:191,6
DA:193,1
DA:194,2
DA:195,2
DA:196,1
DA:198,4
DA:201,6
DA:204,6
DA:208,18
DA:209,6
DA:211,6
DA:215,6
DA:220,16
DA:223,3
DA:225,7
DA:228,2
DA:231,2
DA:233,3
DA:234,1
DA:235,1
DA:236,1
DA:237,1
DA:238,1
DA:241,1
DA:244,1
DA:245,1
DA:246,2
DA:248,1
DA:251,1
DA:255,1
DA:264,6
DA:267,6
DA:270,6
DA:274,0
DA:279,0
DA:281,0
DA:289,0
DA:292,0
DA:294,0
DA:296,0
DA:297,0
DA:298,0
DA:299,0
DA:300,0
DA:301,0
DA:304,0
DA:306,0
DA:310,0
DA:317,0
DA:319,0
DA:321,0
DA:323,0
DA:326,0
DA:329,0
DA:333,6
DA:338,30
DA:340,12
DA:343,8
DA:344,6
DA:347,6
DA:352,6
DA:353,12
DA:356,6
DA:361,30
DA:363,12
DA:366,12
DA:367,6
DA:371,1
DA:377,3
DA:381,2
DA:382,2
DA:383,1
LF:133
LH:109
end_of_record
TN:
SF:/home/pm/Documents/GitHub/contracts-terra/contracts/amp-governance/emp_gauges/src/contract.rs
FN:38,instantiate
FN:88,execute
FN:123,{closure#0}
FN:127,{closure#1}
FN:149,add_emps
FN:209,tune_emps
FN:244,{closure#1}
FN:245,{closure#2}
FN:282,update_config
FN:308,query
FN:327,validator_infos
FN:357,validator_info
FN:370,migrate
FNF:13
FNDA:12,instantiate
FNDA:5,execute
FNDA:2,{closure#0}
FNDA:2,{closure#1}
FNDA:4,add_emps
FNDA:2,tune_emps
FNDA:10,{closure#1}
FNDA:8,{closure#2}
FNDA:1,update_config
FNDA:2,query
FNDA:0,validator_infos
FNDA:1,validator_info
FNDA:0,migrate
DA:38,12
DA:44,18
DA:46,18
DA:47,6
DA:48,6
DA:49,18
DA:50,18
DA:51,12
DA:56,18
DA:57,12
DA:58,12
DA:59,6
DA:60,12
DA:61,6
DA:65,6
DA:88,5
DA:89,5
DA:90,5
DA:93,7
DA:94,2
DA:97,1
DA:101,2
DA:104,1
DA:105,1
DA:106,1
DA:107,1
DA:109,1
DA:115,0
DA:117,0
DA:121,3
DA:122,1
DA:123,2
DA:124,2
DA:125,1
DA:127,2
DA:149,4
DA:155,8
DA:156,8
DA:158,8
DA:161,16
DA:162,8
DA:163,0
DA:166,8
DA:168,11
DA:169,4
DA:171,8
DA:172,1
DA:175,10
DA:176,9
DA:177,3
DA:179,6
DA:180,3
DA:181,6
DA:183,3
DA:184,3
DA:185,3
DA:186,3
DA:187,3
DA:192,2
DA:195,2
DA:199,8
DA:200,4
DA:209,2
DA:210,4
DA:211,4
DA:213,4
DA:216,4
DA:222,9
DA:223,4
DA:226,4
DA:227,2
DA:230,4
DA:232,4
DA:233,4
DA:237,4
DA:238,1
DA:240,4
DA:244,10
DA:245,8
DA:248,10
DA:249,3
DA:250,3
DA:251,5
DA:252,5
DA:255,5
DA:256,0
DA:259,10
DA:260,5
DA:261,5
DA:263,20
DA:266,25
DA:267,5
DA:268,10
DA:269,5
DA:282,1
DA:283,2
DA:284,3
DA:286,2
DA:287,1
DA:290,1
DA:292,2
DA:308,2
DA:309,2
DA:310,4
DA:311,2
DA:312,0
DA:315,0
DA:319,1
DA:327,0
DA:333,0
DA:334,0
DA:337,0
DA:338,0
DA:339,0
DA:342,0
DA:345,0
DA:347,0
DA:348,0
DA:349,0
DA:353,0
DA:357,1
DA:363,2
DA:364,2
DA:365,1
DA:370,0
DA:371,0
DA:372,0
DA:374,0
DA:375,0
DA:382,0
DA:384,0
LF:131
LH:106
end_of_record
TN:
SF:/home/pm/Documents/GitHub/contracts-terra/contracts/amp-governance/emp_gauges/src/utils.rs
FN:21,calc_slope
FN:28,calc_voting_power
FN:47,filter_validators
FN:109,vote_for_validator
FN:135,{closure#1}
FN:138,add_fixed_emp
FN:157,update_validator_info
FN:190,add_validator_to_active
FN:201,get_validator_info_mut
FN:260,get_validator_info
FN:319,fetch_last_validator_period
FN:333,fetch_last_validator_fixed_emps_value
FN:342,fetch_last_validator_fixed_emps
FN:357,fetch_slope_changes
FNF:14
FNDA:3,calc_slope
FNDA:3,calc_voting_power
FNDA:5,filter_validators
FNDA:3,vote_for_validator
FNDA:6,{closure#1}
FNDA:2,add_fixed_emp
FNDA:3,update_validator_info
FNDA:2,add_validator_to_active
FNDA:3,get_validator_info_mut
FNDA:1,get_validator_info
FNDA:3,fetch_last_validator_period
FNDA:2,fetch_last_validator_fixed_emps_value
FNDA:2,fetch_last_validator_fixed_emps
FNDA:2,fetch_slope_changes
DA:21,3
DA:23,3
DA:28,3
DA:30,3
DA:47,5
DA:53,10
DA:55,10
DA:57,15
DA:58,11
DA:59,5
DA:61,1
DA:67,5
DA:109,3
DA:118,6
DA:120,3
DA:121,6
DA:122,4
DA:123,2
DA:125,3
DA:133,6
DA:135,6
DA:138,2
DA:144,2
DA:146,4
DA:147,4
DA:148,4
DA:150,2
DA:157,3
DA:163,3
DA:164,3
DA:165,7
DA:166,4
DA:168,9
DA:170,9
DA:171,6
DA:172,3
DA:173,3
DA:175,6
DA:176,6
DA:177,3
DA:179,2
DA:180,4
DA:181,4
DA:182,2
DA:184,3
DA:187,3
DA:190,2
DA:194,6
DA:195,2
DA:197,2
DA:201,3
DA:206,15
DA:209,3
DA:211,3
DA:214,4
DA:217,4
DA:219,5
DA:220,1
DA:221,1
DA:222,1
DA:223,1
DA:224,1
DA:227,1
DA:230,1
DA:231,1
DA:232,2
DA:234,1
DA:237,1
DA:241,2
DA:250,3
DA:253,3
DA:256,3
DA:260,1
DA:265,1
DA:267,2
DA:275,1
DA:278,2
DA:280,2
DA:282,2
DA:283,0
DA:284,0
DA:285,0
DA:286,0
DA:287,0
DA:290,0
DA:292,0
DA:296,1
DA:303,1
DA:305,2
DA:307,0
DA:309,0
DA:312,1
DA:315,1
DA:319,3
DA:324,15
DA:326,6
DA:329,7
DA:330,3
DA:333,2
DA:338,2
DA:339,4
DA:342,2
DA:347,10
DA:349,4
DA:352,6
DA:353,2
DA:357,2
DA:363,6
DA:367,4
DA:368,4
DA:369,2
LF:111
LH:102
end_of_record
TN:
SF:/home/pm/Documents/GitHub/contracts-terra/contracts/amp-governance/voting_escrow/src/contract.rs
FN:47,instantiate
FN:144,execute
FN:179,{closure#0}
FN:181,{closure#0}
FN:185,{closure#1}
FN:240,checkpoint_total
FN:313,checkpoint
FN:372,{closure#0}
FN:406,receive_cw20
FN:442,create_lock
FN:457,{closure#0}
FN:491,deposit_for
FN:497,{closure#0}
FN:524,withdraw
FN:529,{closure#0}
FN:584,get_push_update_msgs_multi
FN:592,{closure#0}
FN:604,get_push_update_msgs
FN:614,{closure#0}
FN:641,extend_lock_time
FN:651,{closure#0}
FN:692,update_blacklist
FN:709,{closure#0}
FN:713,{closure#1}
FN:782,{closure#2}
FN:784,{closure#0}
FN:809,execute_update_config
FN:828,{closure#0}
FN:850,query
FN:894,{closure#0}
FN:910,check_voters_are_blacklisted
FN:934,get_blacklisted_voters
FN:951,{closure#0}
FN:965,get_user_lock_info
FN:972,{closure#0}
FN:1006,get_user_deposit_at_height
FN:1022,get_user_vamp
FN:1028,{closure#0}
FN:1037,get_user_vamp_at_period
FN:1045,{closure#0}
FN:1070,get_user_balance
FN:1081,get_total_vamp
FN:1082,{closure#0}
FN:1089,get_total_vamp_at_period
FN:1100,{closure#0}
FN:1126,query_token_info
FN:1140,migrate
FNF:47
FNDA:16,instantiate
FNDA:7,execute
FNDA:3,{closure#0}
FNDA:2,{closure#0}
FNDA:2,{closure#1}
FNDA:6,checkpoint_total
FNDA:10,checkpoint
FNDA:10,{closure#0}
FNDA:5,receive_cw20
FNDA:6,create_lock
FNDA:25,{closure#0}
FNDA:2,deposit_for
FNDA:9,{closure#0}
FNDA:2,withdraw
FNDA:4,{closure#0}
FNDA:1,get_push_update_msgs_multi
FNDA:2,{closure#0}
FNDA:5,get_push_update_msgs
FNDA:15,{closure#0}
FNDA:2,extend_lock_time
FNDA:4,{closure#0}
FNDA:1,update_blacklist
FNDA:3,{closure#0}
FNDA:3,{closure#1}
FNDA:3,{closure#2}
FNDA:3,{closure#0}
FNDA:10,execute_update_config
FNDA:30,{closure#0}
FNDA:5,query
FNDA:0,{closure#0}
FNDA:1,check_voters_are_blacklisted
FNDA:1,get_blacklisted_voters
FNDA:7,{closure#0}
FNDA:6,get_user_lock_info
FNDA:26,{closure#0}
FNDA:1,get_user_deposit_at_height
FNDA:2,get_user_vamp
FNDA:6,{closure#0}
FNDA:2,get_user_vamp_at_period
FNDA:9,{closure#0}
FNDA:0,get_user_balance
FNDA:1,get_total_vamp
FNDA:4,{closure#0}
FNDA:1,get_total_vamp_at_period
FNDA:2,{closure#0}
FNDA:0,query_token_info
FNDA:0,migrate
DA:47,16
DA:53,31
DA:54,30
DA:56,31
DA:57,31
DA:60,31
DA:63,16
DA:65,15
DA:67,31
DA:69,31
DA:71,15
DA:74,16
DA:75,15
DA:77,16
DA:78,31
DA:80,25
DA:81,13
DA:82,0
DA:86,10
DA:87,3
DA:88,10
DA:89,3
DA:92,16
DA:93,13
DA:95,3
DA:96,10
DA:97,0
DA:100,0
DA:104,10
DA:105,3
DA:106,13
DA:109,13
DA:114,9
DA:115,22
DA:117,9
DA:118,22
DA:124,31
DA:126,31
DA:144,7
DA:150,13
DA:151,4
DA:154,10
DA:155,4
DA:156,1
DA:160,2
DA:162,1
DA:163,1
DA:164,1
DA:165,1
DA:167,1
DA:173,0
DA:175,0
DA:179,3
DA:180,1
DA:181,2
DA:182,2
DA:183,1
DA:185,2
DA:189,1
DA:193,1
DA:198,3
DA:199,2
DA:202,1
DA:203,2
DA:204,3
DA:205,2
DA:207,1
DA:210,2
DA:211,2
DA:212,3
DA:213,0
DA:215,3
DA:216,1
DA:217,1
DA:218,2
DA:221,8
DA:240,6
DA:250,16
DA:251,10
DA:252,6
DA:253,16
DA:254,10
DA:257,6
DA:258,26
DA:259,26
DA:260,9
DA:261,3
DA:264,8
DA:265,3
DA:266,3
DA:268,3
DA:271,3
DA:274,3
DA:277,30
DA:278,6
DA:282,6
DA:284,16
DA:298,6
DA:313,10
DA:320,16
DA:321,6
DA:322,16
DA:323,10
DA:324,6
DA:327,10
DA:328,22
DA:329,7
DA:330,2
DA:331,4
DA:333,2
DA:334,8
DA:336,2
DA:337,4
DA:338,4
DA:340,4
DA:341,2
DA:342,2
DA:343,2
DA:346,5
DA:347,4
DA:348,5
DA:350,5
DA:351,3
DA:354,2
DA:358,5
DA:361,4
DA:364,3
DA:368,5
DA:372,10
DA:374,16
DA:375,16
DA:376,12
DA:387,12
DA:389,16
DA:393,10
DA:394,6
DA:395,10
DA:396,6
DA:397,10
DA:398,6
DA:399,10
DA:406,5
DA:412,11
DA:413,17
DA:414,18
DA:416,17
DA:417,13
DA:420,4
DA:421,1
DA:424,2
DA:425,3
DA:426,1
DA:442,6
DA:449,18
DA:451,16
DA:452,16
DA:453,10
DA:455,17
DA:457,25
DA:458,6
DA:459,1
DA:461,6
DA:462,20
DA:463,12
DA:464,10
DA:469,26
DA:471,16
DA:473,16
DA:475,64
DA:476,10
DA:477,12
DA:478,20
DA:479,12
DA:480,18
DA:491,2
DA:497,9
DA:498,4
DA:499,6
DA:500,1
DA:502,3
DA:503,3
DA:506,1
DA:508,9
DA:510,5
DA:512,5
DA:514,18
DA:515,2
DA:516,6
DA:517,4
DA:518,6
DA:519,4
DA:524,2
DA:525,2
DA:527,5
DA:528,2
DA:529,4
DA:530,3
DA:532,4
DA:533,5
DA:534,2
DA:536,4
DA:537,2
DA:538,2
DA:539,4
DA:540,2
DA:541,2
DA:543,2
DA:545,2
DA:546,2
DA:547,2
DA:550,6
DA:551,2
DA:552,4
DA:553,2
DA:554,2
DA:557,2
DA:558,2
DA:564,3
DA:565,5
DA:566,2
DA:567,3
DA:568,2
DA:569,3
DA:570,2
DA:571,3
DA:574,4
DA:575,2
DA:577,8
DA:578,3
DA:579,3
DA:584,1
DA:590,3
DA:592,2
DA:593,2
DA:594,2
DA:601,1
DA:604,5
DA:610,5
DA:611,13
DA:614,15
DA:615,4
DA:616,4
DA:617,8
DA:618,4
DA:619,4
DA:621,4
DA:626,2
DA:641,2
DA:647,2
DA:648,5
DA:649,5
DA:650,2
DA:651,4
DA:652,3
DA:655,7
DA:657,5
DA:658,3
DA:659,1
DA:663,7
DA:664,4
DA:666,4
DA:667,5
DA:669,4
DA:671,6
DA:673,4
DA:675,4
DA:677,16
DA:678,2
DA:679,4
DA:680,6
DA:681,6
DA:682,6
DA:692,1
DA:699,2
DA:701,3
DA:702,0
DA:704,1
DA:705,1
DA:706,2
DA:707,3
DA:709,3
DA:711,3
DA:713,3
DA:716,2
DA:717,1
DA:720,2
DA:721,1
DA:722,2
DA:723,1
DA:724,1
DA:726,2
DA:727,1
DA:728,3
DA:730,3
DA:731,1
DA:732,1
DA:733,1
DA:734,1
DA:735,1
DA:738,1
DA:742,2
DA:744,1
DA:749,1
DA:750,1
DA:751,1
DA:752,1
DA:756,3
DA:759,1
DA:760,1
DA:761,1
DA:762,1
DA:763,1
DA:764,1
DA:765,1
DA:766,1
DA:770,3
DA:771,1
DA:772,2
DA:773,1
DA:774,1
DA:778,1
DA:782,3
DA:784,3
DA:785,2
DA:786,1
DA:789,1
DA:790,2
DA:791,1
DA:793,2
DA:794,1
DA:797,5
DA:798,2
DA:799,3
DA:800,1
DA:801,1
DA:802,1
DA:803,1
DA:805,2
DA:809,10
DA:815,14
DA:817,18
DA:818,0
DA:821,6
DA:822,0
DA:825,18
DA:826,24
DA:828,30
DA:829,0
DA:832,18
DA:834,18
DA:850,5
DA:851,5
DA:852,1
DA:855,1
DA:859,3
DA:860,1
DA:863,3
DA:866,3
DA:869,1
DA:873,1
DA:877,13
DA:880,3
DA:885,2
DA:886,2
DA:887,1
DA:888,1
DA:889,1
DA:890,1
DA:891,4
DA:894,0
DA:898,0
DA:901,0
DA:902,2
DA:903,0
DA:910,1
DA:914,2
DA:916,4
DA:917,2
DA:918,2
DA:919,1
DA:920,1
DA:925,1
DA:934,1
DA:939,2
DA:940,1
DA:942,2
DA:943,0
DA:946,2
DA:948,1
DA:949,1
DA:950,2
DA:951,7
DA:952,1
DA:953,2
DA:957,2
DA:959,1
DA:965,6
DA:966,10
DA:967,33
DA:968,16
DA:970,16
DA:972,26
DA:974,13
DA:975,10
DA:978,2
DA:981,0
DA:984,16
DA:987,6
DA:989,10
DA:990,6
DA:995,10
DA:997,1
DA:1006,1
DA:1007,1
DA:1008,2
DA:1009,3
DA:1010,1
DA:1012,0
DA:1022,2
DA:1028,6
DA:1029,1
DA:1037,2
DA:1042,1
DA:1043,3
DA:1045,9
DA:1047,2
DA:1048,1
DA:1049,3
DA:1051,1
DA:1054,2
DA:1056,1
DA:1057,2
DA:1061,1
DA:1062,1
DA:1070,0
DA:1071,0
DA:1072,0
DA:1081,1
DA:1082,4
DA:1083,2
DA:1089,1
DA:1090,2
DA:1092,2
DA:1093,1
DA:1094,1
DA:1097,1
DA:1098,1
DA:1100,2
DA:1103,3
DA:1104,1
DA:1106,2
DA:1107,1
DA:1108,4
DA:1109,1
DA:1110,1
DA:1112,1
DA:1113,1
DA:1117,2
DA:1120,1
DA:1121,1
DA:1126,0
DA:1127,0
DA:1128,0
DA:1130,0
DA:1131,0
DA:1132,0
DA:1135,0
DA:1140,0
DA:1141,0
DA:1142,0
DA:1144,0
DA:1145,0
DA:1152,0
DA:1154,0
LF:474
LH:440
end_of_record
TN:
SF:/home/pm/Documents/GitHub/contracts-terra/contracts/amp-governance/voting_escrow/src/marketing_validation.rs
FN:10,validate_text
FN:22,validate_whitelist_links
FN:23,{closure#0}
FN:34,validate_link
FN:35,{closure#0}
FN:42,check_link
FN:52,validate_marketing_info
FNF:7
FNDA:10,validate_text
FNDA:16,validate_whitelist_links
FNDA:25,{closure#0}
FNDA:10,validate_link
FNDA:19,{closure#0}
FNDA:10,check_link
FNDA:10,validate_marketing_info
DA:10,10
DA:11,16
DA:12,3
DA:14,1
DA:15,1
DA:18,10
DA:22,16
DA:23,25
DA:24,3
DA:25,1
DA:30,13
DA:34,10
DA:35,19
DA:36,1
DA:38,10
DA:42,10
DA:43,13
DA:44,0
DA:45,37
DA:46,1
DA:48,3
DA:52,10
DA:58,13
DA:59,14
DA:61,16
DA:62,14
DA:64,26
DA:65,4
DA:68,10
LF:29
LH:28
end_of_record
TN:
SF:/home/pm/Documents/GitHub/contracts-terra/contracts/amp-governance/voting_escrow/src/utils.rs
FN:10,assert_time_limits
FN:18,assert_periods_remaining
FN:27,assert_token
FN:37,assert_blacklist
FN:47,calc_voting_power
FN:51,{closure#0}
FN:56,fetch_last_checkpoint
FN:70,cancel_scheduled_slope
FN:93,schedule_slope_change
FN:107,{closure#1}
FN:114,fetch_slope_changes
FNF:11
FNDA:6,assert_time_limits
FNDA:10,assert_periods_remaining
FNDA:5,assert_token
FNDA:6,assert_blacklist
FNDA:6,calc_voting_power
FNDA:0,{closure#0}
FNDA:6,fetch_last_checkpoint
FNDA:3,cancel_scheduled_slope
FNDA:10,schedule_slope_change
FNDA:16,{closure#1}
FNDA:4,fetch_slope_changes
DA:10,6
DA:11,21
DA:12,1
DA:14,6
DA:18,10
DA:19,12
DA:20,1
DA:22,9
DA:27,5
DA:28,10
DA:29,16
DA:30,1
DA:32,7
DA:37,6
DA:38,11
DA:39,29
DA:40,1
DA:42,6
DA:47,6
DA:48,20
DA:50,6
DA:51,0
DA:52,6
DA:56,6
DA:61,46
DA:62,6
DA:63,14
DA:70,3
DA:75,2
DA:76,3
DA:77,3
DA:79,7
DA:80,4
DA:81,7
DA:82,0
DA:84,4
DA:85,3
DA:88,1
DA:93,10
DA:98,7
DA:99,6
DA:100,20
DA:101,8
DA:102,4
DA:104,10
DA:107,16
DA:109,1
DA:114,4
DA:119,12
DA:122,4
DA:123,8
DA:124,4
LF:52
LH:50
end_of_record
TN:
SF:/home/pm/Documents/GitHub/contracts-terra/contracts/amp-governance/voting_escrow/tests/test_utils.rs
FN:25,init
FN:135,mint_xastro
FN:157,check_xastro_balance
FN:171,check_astro_balance
FN:185,create_lock
FN:204,create_lock_u128
FN:222,extend_lock_amount
FN:237,deposit_for
FN:256,extend_lock_time
FN:267,withdraw
FN:276,update_blacklist
FN:293,query_user_vp
FN:302,{closure#0}
FN:305,query_exact_user_vp
FN:314,{closure#0}
FN:317,query_user_vp_at
FN:327,{closure#0}
FN:330,query_user_vp_at_period
FN:345,{closure#0}
FN:348,query_total_vp
FN:352,{closure#0}
FN:355,query_exact_total_vp
FN:359,{closure#0}
FN:362,query_total_vp_at
FN:371,{closure#0}
FN:374,query_total_vp_at_period
FN:383,{closure#0}
FN:386,query_locked_balance_at
FN:401,{closure#0}
FN:404,query_blacklisted_voters
FN:419,check_voters_are_blacklisted
FN:433,mock_app
FN:445,{closure#0}
FNF:33
FNDA:2,init
FNDA:3,mint_xastro
FNDA:1,check_xastro_balance
FNDA:0,check_astro_balance
FNDA:5,create_lock
FNDA:1,create_lock_u128
FNDA:1,extend_lock_amount
FNDA:1,deposit_for
FNDA:1,extend_lock_time
FNDA:1,withdraw
FNDA:1,update_blacklist
FNDA:1,query_user_vp
FNDA:4,{closure#0}
FNDA:1,query_exact_user_vp
FNDA:2,{closure#0}
FNDA:1,query_user_vp_at
FNDA:2,{closure#0}
FNDA:1,query_user_vp_at_period
FNDA:2,{closure#0}
FNDA:1,query_total_vp
FNDA:2,{closure#0}
FNDA:1,query_exact_total_vp
FNDA:2,{closure#0}
FNDA:1,query_total_vp_at
FNDA:2,{closure#0}
FNDA:1,query_total_vp_at_period
FNDA:2,{closure#0}
FNDA:1,query_locked_balance_at
FNDA:2,{closure#0}
FNDA:1,query_blacklisted_voters
FNDA:1,check_voters_are_blacklisted
FNDA:10,mock_app
FNDA:13,{closure#0}
DA:25,2
DA:26,12
DA:32,11
DA:35,2
DA:36,10
DA:38,2
DA:39,11
DA:46,13
DA:49,12
DA:52,3
DA:53,10
DA:58,13
DA:66,3
DA:69,10
DA:71,3
DA:74,13
DA:77,13
DA:80,10
DA:81,3
DA:85,26
DA:87,3
DA:88,10
DA:89,13
DA:93,13
DA:99,10
DA:102,3
DA:103,13
DA:104,13
DA:105,13
DA:109,10
DA:110,13
DA:111,3
DA:112,10
DA:113,13
DA:115,6
DA:118,13
DA:121,3
DA:122,10
DA:128,10
DA:135,3
DA:136,7
DA:138,3
DA:139,7
DA:141,6
DA:142,17
DA:144,10
DA:145,7
DA:146,3
DA:148,7
DA:150,3
DA:151,10
DA:152,7
DA:154,3
DA:157,1
DA:158,2
DA:159,4
DA:162,2
DA:163,2
DA:164,1
DA:168,1
DA:171,0
DA:172,0
DA:173,0
DA:176,0
DA:177,0
DA:178,0
DA:182,0
DA:185,5
DA:192,5
DA:194,5
DA:195,5
DA:196,7
DA:201,6
DA:204,1
DA:212,1
DA:213,1
DA:214,2
DA:219,1
DA:222,1
DA:228,1
DA:230,1
DA:231,1
DA:232,2
DA:234,2
DA:237,1
DA:244,1
DA:246,1
DA:247,1
DA:248,2
DA:253,1
DA:256,1
DA:257,1
DA:258,1
DA:259,1
DA:260,1
DA:267,1
DA:268,1
DA:269,1
DA:270,1
DA:276,1
DA:282,2
DA:283,1
DA:284,1
DA:285,1
DA:286,1
DA:287,1
DA:293,1
DA:294,6
DA:297,1
DA:298,1
DA:299,2
DA:302,4
DA:305,1
DA:306,3
DA:309,1
DA:310,1
DA:311,1
DA:314,2
DA:317,1
DA:318,3
DA:321,1
DA:322,1
DA:323,1
DA:327,2
DA:330,1
DA:336,3
DA:339,1
DA:340,1
DA:341,1
DA:345,2
DA:348,1
DA:349,2
DA:351,1
DA:352,2
DA:355,1
DA:356,2
DA:358,1
DA:359,2
DA:362,1
DA:363,3
DA:366,1
DA:367,1
DA:371,2
DA:374,1
DA:375,3
DA:378,1
DA:379,1
DA:383,2
DA:386,1
DA:392,3
DA:395,1
DA:396,1
DA:397,1
DA:401,2
DA:404,1
DA:410,3
DA:411,1
DA:412,1
DA:413,1
DA:419,1
DA:424,3
DA:425,1
DA:426,1
DA:427,1
DA:433,10
DA:434,1
DA:435,13
DA:436,10
DA:437,1
DA:438,12
DA:440,32
DA:442,2
DA:444,2
DA:445,13
LF:174
LH:167
end_of_record
TN:
SF:/home/pm/Documents/GitHub/contracts-terra/contracts/ampz/src/config.rs
FN:10,update_config
FN:31,{closure#0}
FN:48,{closure#2}
FN:51,{closure#3}
FN:53,{closure#0}
FNF:5
FNDA:0,update_config
FNDA:0,{closure#0}
FNDA:0,{closure#2}
FNDA:0,{closure#3}
FNDA:0,{closure#0}
DA:10,0
DA:16,0
DA:17,0
DA:25,0
DA:26,0
DA:28,0
DA:29,0
DA:31,0
DA:34,0
DA:35,0
DA:36,0
DA:37,0
DA:41,0
DA:45,0
DA:46,0
DA:48,0
DA:51,0
DA:53,0
DA:55,0
DA:59,0
DA:60,0
DA:63,0
DA:64,0
DA:67,0
DA:68,0
DA:71,0
DA:72,0
DA:75,0
DA:77,0
LF:29
LH:0
end_of_record
TN:
SF:/home/pm/Documents/GitHub/contracts-terra/contracts/ampz/src/contract.rs
FN:20,instantiate
FN:30,execute
FN:60,deposit
FN:74,transfer_ownership
FN:83,accept_ownership
FN:104,query
FN:122,migrate
FNF:7
FNDA:0,instantiate
FNDA:0,execute
FNDA:0,deposit
FNDA:0,transfer_ownership
FNDA:0,accept_ownership
FNDA:0,query
FNDA:0,migrate
DA:20,0
DA:26,0
DA:30,0
DA:31,0
DA:32,0
DA:36,0
DA:40,0
DA:43,0
DA:44,0
DA:46,0
DA:49,0
DA:50,0
DA:54,0
DA:60,0
DA:61,0
DA:62,0
DA:63,0
DA:66,0
DA:67,0
DA:68,0
DA:71,0
DA:74,0
DA:75,0
DA:77,0
DA:78,0
DA:80,0
DA:83,0
DA:84,0
DA:86,0
DA:87,0
DA:89,0
DA:90,0
DA:93,0
DA:94,0
DA:96,0
DA:97,0
DA:98,0
DA:100,0
DA:104,0
DA:105,0
DA:106,0
DA:107,0
DA:108,0
DA:111,0
DA:115,0
DA:122,0
DA:125,0
DA:127,0
LF:48
LH:0
end_of_record
TN:
SF:/home/pm/Documents/GitHub/contracts-terra/contracts/ampz/src/domain/callback.rs
FN:20,callback
FN:65,{closure#0}
FN:95,{closure#1}
FN:96,{closure#2}
FN:135,pay_fees
FN:191,deposit_in_farm
FNF:6
FNDA:0,callback
FNDA:0,{closure#0}
FNDA:0,{closure#1}
FNDA:0,{closure#2}
FNDA:0,pay_fees
FNDA:0,deposit_in_farm
DA:20,0
DA:26,0
DA:27,0
DA:30,0
DA:31,0
DA:33,0
DA:34,0
DA:36,0
DA:37,0
DA:40,0
DA:41,0
DA:42,0
DA:45,0
DA:46,0
DA:49,0
DA:50,0
DA:53,0
DA:54,0
DA:55,0
DA:56,0
DA:60,0
DA:64,0
DA:65,0
DA:66,0
DA:67,0
DA:69,0
DA:71,0
DA:72,0
DA:75,0
DA:76,0
DA:77,0
DA:80,0
DA:85,0
DA:87,0
DA:88,0
DA:90,0
DA:92,0
DA:93,0
DA:95,0
DA:96,0
DA:98,0
DA:99,0
DA:101,0
DA:103,0
DA:104,0
DA:108,0
DA:111,0
DA:112,0
DA:114,0
DA:117,0
DA:118,0
DA:121,0
DA:125,0
DA:129,0
DA:131,0
DA:132,0
DA:135,0
DA:144,0
DA:146,0
DA:147,0
DA:149,0
DA:152,0
DA:153,0
DA:154,0
DA:157,0
DA:158,0
DA:160,0
DA:163,0
DA:165,0
DA:166,0
DA:167,0
DA:169,0
DA:171,0
DA:172,0
DA:174,0
DA:175,0
DA:176,0
DA:178,0
DA:180,0
DA:181,0
DA:182,0
DA:183,0
DA:188,0
DA:191,0
DA:199,0
DA:200,0
DA:201,0
DA:202,0
DA:203,0
LF:89
LH:0
end_of_record
TN:
SF:/home/pm/Documents/GitHub/contracts-terra/contracts/ampz/src/domain/crud.rs
FN:7,add_execution
FN:89,remove_executions
FNF:2
FNDA:0,add_execution
FNDA:0,remove_executions
DA:7,0
DA:14,0
DA:15,0
DA:18,0
DA:19,0
DA:21,0
DA:22,0
DA:24,0
DA:26,0
DA:27,0
DA:28,0
DA:30,0
DA:32,0
DA:34,0
DA:36,0
DA:39,0
DA:44,0
DA:48,0
DA:50,0
DA:51,0
DA:56,0
DA:58,0
DA:61,0
DA:62,0
DA:63,0
DA:64,0
DA:69,0
DA:70,0
DA:71,0
DA:73,0
DA:76,0
DA:77,0
DA:80,0
DA:82,0
DA:84,0
DA:85,0
DA:86,0
DA:89,0
DA:95,0
DA:97,0
DA:99,0
DA:100,0
DA:102,0
DA:103,0
DA:106,0
DA:107,0
DA:108,0
DA:110,0
DA:114,0
DA:115,0
DA:116,0
DA:117,0
DA:118,0
DA:120,0
DA:124,0
LF:55
LH:0
end_of_record
TN:
SF:/home/pm/Documents/GitHub/contracts-terra/contracts/ampz/src/domain/execute.rs
FN:17,execute_id
FNF:1
FNDA:0,execute_id
DA:17,0
DA:24,0
DA:28,0
DA:30,0
DA:31,0
DA:32,0
DA:39,0
DA:40,0
DA:42,0
DA:43,0
DA:44,0
DA:45,0
DA:48,0
DA:50,0
DA:51,0
DA:57,0
DA:58,0
DA:61,0
DA:63,0
DA:64,0
DA:67,0
DA:69,0
DA:71,0
DA:72,0
DA:73,0
DA:75,0
DA:76,0
DA:77,0
DA:79,0
DA:80,0
DA:81,0
DA:82,0
DA:83,0
DA:86,0
DA:88,0
DA:91,0
DA:92,0
DA:93,0
DA:95,0
DA:96,0
DA:98,0
DA:99,0
DA:102,0
DA:105,0
DA:106,0
DA:107,0
DA:113,0
DA:114,0
DA:115,0
DA:119,0
DA:120,0
DA:124,0
DA:126,0
DA:127,0
DA:128,0
DA:130,0
DA:133,0
DA:135,0
DA:136,0
DA:138,0
DA:139,0
DA:142,0
DA:143,0
DA:144,0
DA:145,0
DA:146,0
DA:148,0
DA:151,0
DA:152,0
DA:153,0
DA:154,0
DA:155,0
LF:72
LH:0
end_of_record
TN:
SF:/home/pm/Documents/GitHub/contracts-terra/contracts/ampz/src/helpers.rs
FN:5,query_all_delegations
FN:12,{closure#0}
FN:13,{closure#1}
FNF:3
FNDA:0,query_all_delegations
FNDA:0,{closure#0}
FNDA:0,{closure#1}
DA:5,0
DA:9,0
DA:10,0
DA:12,0
DA:13,0
DA:14,0
DA:15,0
DA:19,0
LF:8
LH:0
end_of_record
TN:
SF:/home/pm/Documents/GitHub/contracts-terra/contracts/ampz/src/instantiate.rs
FN:13,exec_instantiate
FN:28,{closure#0}
FNF:2
FNDA:0,exec_instantiate
FNDA:0,{closure#0}
DA:13,0
DA:14,0
DA:16,0
DA:18,0
DA:19,0
DA:20,0
DA:21,0
DA:23,0
DA:25,0
DA:28,0
DA:31,0
DA:32,0
DA:34,0
LF:13
LH:0
end_of_record
TN:
SF:/home/pm/Documents/GitHub/contracts-terra/contracts/ampz/src/protos/authz.rs
FN:48,new
FN:52,generated_message_descriptor_data
FN:57,{closure#0}
FN:58,{closure#1}
FN:62,{closure#2}
FN:63,{closure#3}
FN:76,is_initialized
FN:80,merge_from
FN:99,compute_size
FN:113,write_to_with_cached_sizes
FN:124,special_fields
FN:128,mut_special_fields
FN:132,new
FN:136,clear
FN:142,default_instance
FN:153,descriptor
FN:155,{closure#0}
FN:160,fmt
FN:176,file_descriptor_proto
FN:178,{closure#0}
FN:184,file_descriptor
FN:187,{closure#0}
FN:188,{closure#0}
FNF:23
FNDA:0,new
FNDA:0,generated_message_descriptor_data
FNDA:0,{closure#0}
FNDA:0,{closure#1}
FNDA:0,{closure#2}
FNDA:0,{closure#3}
FNDA:0,is_initialized
FNDA:0,merge_from
FNDA:0,compute_size
FNDA:0,write_to_with_cached_sizes
FNDA:0,special_fields
FNDA:0,mut_special_fields
FNDA:0,new
FNDA:0,clear
FNDA:0,default_instance
FNDA:0,descriptor
FNDA:0,{closure#0}
FNDA:0,fmt
FNDA:0,file_descriptor_proto
FNDA:0,{closure#0}
FNDA:0,file_descriptor
FNDA:0,{closure#0}
FNDA:0,{closure#0}
DA:42,0
DA:43,0
DA:48,0
DA:49,0
DA:52,0
DA:53,0
DA:54,0
DA:55,0
DA:57,0
DA:58,0
DA:60,0
DA:62,0
DA:63,0
DA:67,0
DA:68,0
DA:76,0
DA:80,0
DA:81,0
DA:82,0
DA:83,0
DA:84,0
DA:86,0
DA:87,0
DA:89,0
DA:90,0
DA:94,0
DA:99,0
DA:100,0
DA:101,0
DA:102,0
DA:104,0
DA:105,0
DA:106,0
DA:108,0
DA:109,0
DA:113,0
DA:114,0
DA:115,0
DA:117,0
DA:118,0
DA:120,0
DA:121,0
DA:124,0
DA:125,0
DA:128,0
DA:129,0
DA:132,0
DA:133,0
DA:136,0
DA:137,0
DA:138,0
DA:139,0
DA:142,0
DA:153,0
DA:155,0
DA:160,0
DA:161,0
DA:176,0
DA:178,0
DA:179,0
DA:184,0
DA:187,0
DA:188,0
DA:189,0
DA:190,0
DA:191,0
DA:192,0
DA:193,0
DA:194,0
DA:195,0
DA:196,0
DA:197,0
DA:198,0
DA:201,0
LF:74
LH:0
end_of_record
TN:
SF:/home/pm/Documents/GitHub/contracts-terra/contracts/ampz/src/protos/mod.rs
FN:14,to_authz_cosmos_msg
FN:25,to_any
FN:27,{closure#0}
FN:32,{closure#1}
FN:37,to_any
FN:39,{closure#0}
FN:44,{closure#1}
FNF:7
FNDA:0,to_authz_cosmos_msg
FNDA:0,to_any
FNDA:0,{closure#0}
FNDA:0,{closure#1}
FNDA:0,to_any
FNDA:0,{closure#0}
FNDA:0,{closure#1}
DA:14,0
DA:15,0
DA:18,0
DA:19,0
DA:25,0
DA:26,0
DA:27,0
DA:28,0
DA:29,0
DA:30,0
DA:32,0
DA:37,0
DA:38,0
DA:39,0
DA:40,0
DA:41,0
DA:42,0
DA:44,0
LF:18
LH:0
end_of_record
TN:
SF:/home/pm/Documents/GitHub/contracts-terra/contracts/ampz/src/protos/msgex.rs
FN:16,to_proto_msg<&cosmwasm_std::addresses::Addr>
FN:28,{closure#0}<&cosmwasm_std::addresses::Addr>
FN:40,to_authz_msg<cosmwasm_std::addresses::Addr>
FN:50,to_authz_cosmos_msg
FNF:4
FNDA:0,to_proto_msg<&cosmwasm_std::addresses::Addr>
FNDA:0,{closure#0}<&cosmwasm_std::addresses::Addr>
FNDA:0,to_authz_msg<cosmwasm_std::addresses::Addr>
FNDA:0,to_authz_cosmos_msg
DA:16,0
DA:17,0
DA:18,0
DA:23,0
DA:24,0
DA:25,0
DA:26,0
DA:28,0
DA:29,0
DA:30,0
DA:31,0
DA:34,0
DA:36,0
DA:40,0
DA:41,0
DA:50,0
DA:51,0
DA:52,0
DA:53,0
DA:54,0
LF:20
LH:0
end_of_record
TN:
SF:/home/pm/Documents/GitHub/contracts-terra/contracts/ampz/src/protos/proto.rs
FN:52,new
FN:56,generated_message_descriptor_data
FN:61,{closure#0}
FN:62,{closure#1}
FN:66,{closure#2}
FN:67,{closure#3}
FN:71,{closure#4}
FN:72,{closure#5}
FN:76,{closure#6}
FN:77,{closure#7}
FN:90,is_initialized
FN:94,merge_from
FN:119,compute_size
FN:139,write_to_with_cached_sizes
FN:156,special_fields
FN:160,mut_special_fields
FN:164,new
FN:168,clear
FN:176,default_instance
FN:189,descriptor
FN:191,{closure#0}
FN:196,fmt
FN:225,new
FN:229,generated_message_descriptor_data
FN:234,{closure#0}
FN:235,{closure#1}
FN:239,{closure#2}
FN:240,{closure#3}
FN:253,is_initialized
FN:257,merge_from
FN:276,compute_size
FN:289,write_to_with_cached_sizes
FN:300,special_fields
FN:304,mut_special_fields
FN:308,new
FN:312,clear
FN:318,default_instance
FN:329,descriptor
FN:331,{closure#0}
FN:336,fmt
FN:365,new
FN:369,generated_message_descriptor_data
FN:374,{closure#0}
FN:375,{closure#1}
FN:379,{closure#2}
FN:380,{closure#3}
FN:393,is_initialized
FN:397,merge_from
FN:416,compute_size
FN:429,write_to_with_cached_sizes
FN:440,special_fields
FN:444,mut_special_fields
FN:448,new
FN:452,clear
FN:458,default_instance
FN:469,descriptor
FN:471,{closure#0}
FN:476,fmt
FN:497,file_descriptor_proto
FN:499,{closure#0}
FN:505,file_descriptor
FN:508,{closure#0}
FN:509,{closure#0}
FNF:63
FNDA:0,new
FNDA:0,generated_message_descriptor_data
FNDA:0,{closure#0}
FNDA:0,{closure#1}
FNDA:0,{closure#2}
FNDA:0,{closure#3}
FNDA:0,{closure#4}
FNDA:0,{closure#5}
FNDA:0,{closure#6}
FNDA:0,{closure#7}
FNDA:0,is_initialized
FNDA:0,merge_from
FNDA:0,compute_size
FNDA:0,write_to_with_cached_sizes
FNDA:0,special_fields
FNDA:0,mut_special_fields
FNDA:0,new
FNDA:0,clear
FNDA:0,default_instance
FNDA:0,descriptor
FNDA:0,{closure#0}
FNDA:0,fmt
FNDA:0,new
FNDA:0,generated_message_descriptor_data
FNDA:0,{closure#0}
FNDA:0,{closure#1}
FNDA:0,{closure#2}
FNDA:0,{closure#3}
FNDA:0,is_initialized
FNDA:0,merge_from
FNDA:0,compute_size
FNDA:0,write_to_with_cached_sizes
FNDA:0,special_fields
FNDA:0,mut_special_fields
FNDA:0,new
FNDA:0,clear
FNDA:0,default_instance
FNDA:0,descriptor
FNDA:0,{closure#0}
FNDA:0,fmt
FNDA:0,new
FNDA:0,generated_message_descriptor_data
FNDA:0,{closure#0}
FNDA:0,{closure#1}
FNDA:0,{closure#2}
FNDA:0,{closure#3}
FNDA:0,is_initialized
FNDA:0,merge_from
FNDA:0,compute_size
FNDA:0,write_to_with_cached_sizes
FNDA:0,special_fields
FNDA:0,mut_special_fields
FNDA:0,new
FNDA:0,clear
FNDA:0,default_instance
FNDA:0,descriptor
FNDA:0,{closure#0}
FNDA:0,fmt
FNDA:0,file_descriptor_proto
FNDA:0,{closure#0}
FNDA:0,file_descriptor
FNDA:0,{closure#0}
FNDA:0,{closure#0}
DA:46,0
DA:47,0
DA:52,0
DA:53,0
DA:56,0
DA:57,0
DA:58,0
DA:59,0
DA:61,0
DA:62,0
DA:64,0
DA:66,0
DA:67,0
DA:69,0
DA:71,0
DA:72,0
DA:74,0
DA:76,0
DA:77,0
DA:81,0
DA:82,0
DA:90,0
DA:94,0
DA:95,0
DA:96,0
DA:97,0
DA:98,0
DA:100,0
DA:101,0
DA:103,0
DA:104,0
DA:106,0
DA:107,0
DA:109,0
DA:110,0
DA:114,0
DA:119,0
DA:120,0
DA:121,0
DA:122,0
DA:124,0
DA:125,0
DA:127,0
DA:128,0
DA:130,0
DA:131,0
DA:132,0
DA:134,0
DA:135,0
DA:139,0
DA:140,0
DA:141,0
DA:143,0
DA:144,0
DA:146,0
DA:147,0
DA:149,0
DA:150,0
DA:152,0
DA:153,0
DA:156,0
DA:157,0
DA:160,0
DA:161,0
DA:164,0
DA:165,0
DA:168,0
DA:169,0
DA:170,0
DA:171,0
DA:172,0
DA:173,0
DA:176,0
DA:189,0
DA:191,0
DA:196,0
DA:197,0
DA:219,0
DA:220,0
DA:225,0
DA:226,0
DA:229,0
DA:230,0
DA:231,0
DA:232,0
DA:234,0
DA:235,0
DA:237,0
DA:239,0
DA:240,0
DA:244,0
DA:245,0
DA:253,0
DA:257,0
DA:258,0
DA:259,0
DA:260,0
DA:261,0
DA:263,0
DA:264,0
DA:266,0
DA:267,0
DA:271,0
DA:276,0
DA:277,0
DA:278,0
DA:279,0
DA:281,0
DA:282,0
DA:284,0
DA:285,0
DA:289,0
DA:290,0
DA:291,0
DA:293,0
DA:294,0
DA:296,0
DA:297,0
DA:300,0
DA:301,0
DA:304,0
DA:305,0
DA:308,0
DA:309,0
DA:312,0
DA:313,0
DA:314,0
DA:315,0
DA:318,0
DA:329,0
DA:331,0
DA:336,0
DA:337,0
DA:359,0
DA:360,0
DA:365,0
DA:366,0
DA:369,0
DA:370,0
DA:371,0
DA:372,0
DA:374,0
DA:375,0
DA:377,0
DA:379,0
DA:380,0
DA:384,0
DA:385,0
DA:393,0
DA:397,0
DA:398,0
DA:399,0
DA:400,0
DA:401,0
DA:403,0
DA:404,0
DA:406,0
DA:407,0
DA:411,0
DA:416,0
DA:417,0
DA:418,0
DA:419,0
DA:421,0
DA:422,0
DA:424,0
DA:425,0
DA:429,0
DA:430,0
DA:431,0
DA:433,0
DA:434,0
DA:436,0
DA:437,0
DA:440,0
DA:441,0
DA:444,0
DA:445,0
DA:448,0
DA:449,0
DA:452,0
DA:453,0
DA:454,0
DA:455,0
DA:458,0
DA:469,0
DA:471,0
DA:476,0
DA:477,0
DA:497,0
DA:499,0
DA:500,0
DA:505,0
DA:508,0
DA:509,0
DA:510,0
DA:511,0
DA:512,0
DA:513,0
DA:514,0
DA:515,0
DA:516,0
DA:517,0
DA:518,0
DA:519,0
DA:520,0
DA:523,0
LF:207
LH:0
end_of_record
TN:
SF:/home/pm/Documents/GitHub/contracts-terra/contracts/ampz/src/queries.rs
FN:14,config
FN:28,{closure#3}
FN:36,state
FN:44,user_info
FN:53,{closure#0}
FN:73,execution
FN:89,executions
FNF:7
FNDA:0,config
FNDA:0,{closure#3}
FNDA:0,state
FNDA:0,user_info
FNDA:0,{closure#0}
FNDA:0,execution
FNDA:0,executions
DA:14,0
DA:15,0
DA:17,0
DA:18,0
DA:19,0
DA:20,0
DA:21,0
DA:22,0
DA:23,0
DA:24,0
DA:25,0
DA:27,0
DA:28,0
DA:29,0
DA:30,0
DA:31,0
DA:36,0
DA:37,0
DA:39,0
DA:40,0
DA:44,0
DA:45,0
DA:47,0
DA:51,0
DA:52,0
DA:53,0
DA:54,0
DA:55,0
DA:57,0
DA:59,0
DA:61,0
DA:68,0
DA:69,0
DA:73,0
DA:74,0
DA:75,0
DA:76,0
DA:77,0
DA:79,0
DA:80,0
DA:82,0
DA:89,0
DA:94,0
DA:96,0
DA:97,0
DA:99,0
DA:101,0
DA:105,0
DA:106,0
LF:49
LH:0
end_of_record
TN:
SF:/home/pm/Documents/GitHub/contracts-terra/contracts/ampz/src/state.rs
FN:32,default
FN:34,{closure#0}
FN:88,{closure#0}
FN:91,get_by_user
FNF:4
FNDA:0,default
FNDA:0,{closure#0}
FNDA:0,{closure#0}
FNDA:0,get_by_user
DA:32,0
DA:34,0
DA:38,0
DA:39,0
DA:40,0
DA:41,0
DA:42,0
DA:43,0
DA:44,0
DA:46,0
DA:47,0
DA:48,0
DA:49,0
DA:52,0
DA:54,0
DA:62,0
DA:63,0
DA:64,0
DA:65,0
DA:67,0
DA:85,0
DA:86,0
DA:87,0
DA:88,0
DA:91,0
DA:96,0
DA:97,0
DA:98,0
DA:99,0
DA:100,0
DA:111,0
DA:112,0
DA:114,0
LF:33
LH:0
end_of_record
TN:
SF:/home/pm/Documents/GitHub/contracts-terra/contracts/ampz/src/types/staking.rs
FN:11,new
FN:18,to_cosmos_msg
FN:34,new
FN:41,to_cosmos_msg
FN:57,new
FN:64,to_cosmos_msg
FN:81,new
FN:89,to_cosmos_msg
FNF:8
FNDA:0,new
FNDA:0,to_cosmos_msg
FNDA:0,new
FNDA:0,to_cosmos_msg
FNDA:0,new
FNDA:0,to_cosmos_msg
FNDA:0,new
FNDA:0,to_cosmos_msg
DA:11,0
DA:13,0
DA:18,0
DA:19,0
DA:20,0
DA:21,0
DA:34,0
DA:36,0
DA:41,0
DA:42,0
DA:43,0
DA:44,0
DA:57,0
DA:59,0
DA:64,0
DA:65,0
DA:66,0
DA:67,0
DA:81,0
DA:83,0
DA:84,0
DA:89,0
DA:90,0
DA:91,0
DA:92,0
DA:93,0
LF:26
LH:0
end_of_record
TN:
SF:/home/pm/Documents/GitHub/contracts-terra/contracts/hub/src/constants.rs
FN:7,get_reward_fee_cap
FNF:1
FNDA:13,get_reward_fee_cap
DA:7,13
DA:9,22
LF:2
LH:2
end_of_record
TN:
SF:/home/pm/Documents/GitHub/contracts-terra/contracts/hub/src/contract.rs
FN:17,instantiate
FN:27,execute
FN:87,receive
FN:118,callback
FN:138,reply
FN:146,query
FN:185,migrate
FNF:7
FNDA:22,instantiate
FNDA:15,execute
FNDA:1,receive
FNDA:5,callback
FNDA:14,reply
FNDA:7,query
FNDA:0,migrate
DA:17,22
DA:23,13
DA:27,15
DA:28,21
DA:29,15
DA:30,3
DA:31,5
DA:34,3
DA:35,5
DA:36,15
DA:37,9
DA:41,1
DA:42,1
DA:43,1
DA:44,3
DA:47,1
DA:50,1
DA:51,1
DA:52,2
DA:53,4
DA:55,3
DA:58,3
DA:61,1
DA:64,2
DA:65,6
DA:66,4
DA:67,1
DA:70,4
DA:71,2
DA:72,9
DA:73,7
DA:78,13
DA:79,7
DA:80,13
DA:82,7
DA:87,1
DA:93,1
DA:94,2
DA:95,1
DA:98,1
DA:100,1
DA:101,2
DA:102,1
DA:109,2
DA:110,2
DA:111,5
DA:112,2
DA:118,5
DA:124,10
DA:125,0
DA:128,5
DA:129,6
DA:131,4
DA:138,14
DA:139,9
DA:140,60
DA:141,0
DA:146,7
DA:147,13
DA:148,21
DA:149,8
DA:150,3
DA:151,3
DA:152,1
DA:156,1
DA:161,2
DA:166,1
DA:171,1
DA:172,1
DA:175,1
DA:177,4
DA:178,0
DA:185,0
DA:188,0
DA:190,0
LF:75
LH:69
end_of_record
TN:
SF:/home/pm/Documents/GitHub/contracts-terra/contracts/hub/src/execute.rs
FN:33,instantiate
FN:93,register_stake_token
FN:99,{closure#0}
FN:105,{closure#2}
FN:127,bond
FN:175,harvest
FN:180,{closure#0}
FN:195,check_received_coin_msg
FN:224,reinvest
FN:231,{closure#0}
FN:262,callback_received_coin
FN:290,find_new_delegation
FN:344,queue_unbond
FN:360,{closure#0}
FN:395,submit_batch
FN:465,reconcile
FN:476,{closure#0}
FN:528,withdraw_unbonded
FN:546,{closure#0}
FN:606,tune_delegations
FN:620,{closure#0}
FN:637,rebalance
FN:677,add_validator
FN:695,remove_validator
FN:709,{closure#0}
FN:756,transfer_ownership
FN:765,accept_ownership
FN:785,update_config
FNF:28
FNDA:22,instantiate
FNDA:15,register_stake_token
FNDA:34,{closure#0}
FNDA:38,{closure#2}
FNDA:5,bond
FNDA:3,harvest
FNDA:3,{closure#0}
FNDA:4,check_received_coin_msg
FNDA:3,reinvest
FNDA:6,{closure#0}
FNDA:4,callback_received_coin
FNDA:5,find_new_delegation
FNDA:2,queue_unbond
FNDA:5,{closure#0}
FNDA:1,submit_batch
FNDA:2,reconcile
FNDA:2,{closure#0}
FNDA:1,withdraw_unbonded
FNDA:1,{closure#0}
FNDA:2,tune_delegations
FNDA:2,{closure#0}
FNDA:1,rebalance
FNDA:2,add_validator
FNDA:2,remove_validator
FNDA:6,{closure#0}
FNDA:1,transfer_ownership
FNDA:1,accept_ownership
FNDA:13,update_config
DA:33,22
DA:34,35
DA:36,13
DA:38,22
DA:39,0
DA:42,35
DA:43,25
DA:44,42
DA:46,7
DA:47,28
DA:49,13
DA:50,35
DA:51,43
DA:52,13
DA:53,22
DA:54,22
DA:55,13
DA:59,52
DA:60,22
DA:61,15
DA:63,15
DA:64,22
DA:68,22
DA:69,15
DA:71,37
DA:72,9
DA:73,8
DA:74,14
DA:75,22
DA:76,8
DA:77,14
DA:78,8
DA:79,14
DA:80,8
DA:81,8
DA:82,14
DA:84,14
DA:86,9
DA:87,14
DA:93,15
DA:94,23
DA:96,14
DA:99,34
DA:100,0
DA:102,38
DA:105,38
DA:106,0
DA:107,0
DA:109,38
DA:110,38
DA:112,38
DA:127,5
DA:134,3
DA:135,3
DA:137,6
DA:140,8
DA:141,4
DA:142,1
DA:144,8
DA:147,33
DA:148,8
DA:149,10
DA:150,8
DA:152,8
DA:154,11
DA:155,1
DA:157,4
DA:158,4
DA:159,11
DA:160,6
DA:161,4
DA:163,5
DA:167,28
DA:168,13
DA:169,8
DA:170,9
DA:171,6
DA:175,3
DA:176,12
DA:178,3
DA:180,3
DA:181,3
DA:182,4
DA:187,19
DA:188,6
DA:189,6
DA:190,6
DA:195,4
DA:201,4
DA:204,8
DA:205,8
DA:210,4
DA:215,4
DA:224,3
DA:225,3
DA:226,3
DA:227,6
DA:229,6
DA:231,6
DA:232,0
DA:233,0
DA:235,6
DA:236,6
DA:238,3
DA:240,9
DA:241,3
DA:243,16
DA:244,6
DA:245,7
DA:247,7
DA:249,6
DA:251,7
DA:252,3
DA:253,6
DA:256,9
DA:257,3
DA:258,3
DA:262,4
DA:266,8
DA:267,4
DA:268,7
DA:271,4
DA:272,3
DA:273,3
DA:274,6
DA:277,4
DA:278,8
DA:279,4
DA:280,8
DA:281,4
DA:284,4
DA:290,5
DA:296,3
DA:299,5
DA:301,6
DA:302,6
DA:308,6
DA:309,6
DA:310,3
DA:312,9
DA:314,6
DA:317,2
DA:324,6
DA:325,3
DA:327,6
DA:330,6
DA:331,3
DA:332,3
DA:335,6
DA:337,3
DA:344,2
DA:350,1
DA:352,2
DA:353,2
DA:354,1
DA:356,5
DA:357,2
DA:358,2
DA:359,4
DA:360,5
DA:361,2
DA:362,1
DA:363,2
DA:365,1
DA:366,2
DA:370,2
DA:371,4
DA:372,5
DA:373,2
DA:374,2
DA:375,2
DA:376,4
DA:377,2
DA:381,13
DA:382,3
DA:383,3
DA:384,3
DA:385,4
DA:386,2
DA:387,2
DA:389,4
DA:390,1
DA:391,1
DA:395,1
DA:396,1
DA:397,1
DA:398,2
DA:399,2
DA:400,2
DA:402,2
DA:403,1
DA:404,0
DA:410,2
DA:411,2
DA:413,2
DA:415,1
DA:418,4
DA:419,2
DA:420,1
DA:421,1
DA:424,1
DA:426,1
DA:430,2
DA:431,3
DA:432,1
DA:433,2
DA:434,1
DA:435,1
DA:436,1
DA:440,4
DA:442,1
DA:443,1
DA:444,2
DA:445,1
DA:447,1
DA:450,7
DA:451,2
DA:452,3
DA:453,2
DA:455,2
DA:457,7
DA:458,1
DA:459,2
DA:460,2
DA:461,1
DA:465,2
DA:466,2
DA:467,2
DA:470,8
DA:474,2
DA:475,2
DA:476,2
DA:477,2
DA:478,2
DA:482,4
DA:484,6
DA:487,8
DA:489,2
DA:490,0
DA:493,4
DA:494,2
DA:496,1
DA:497,1
DA:499,3
DA:500,1
DA:501,5
DA:502,2
DA:504,6
DA:505,4
DA:506,2
DA:508,4
DA:511,2
DA:513,1
DA:515,3
DA:516,2
DA:519,4
DA:521,3
DA:522,2
DA:523,3
DA:525,2
DA:528,1
DA:534,1
DA:535,1
DA:540,4
DA:544,1
DA:545,1
DA:546,1
DA:547,1
DA:548,1
DA:558,1
DA:559,1
DA:560,4
DA:561,1
DA:562,3
DA:563,2
DA:566,1
DA:568,1
DA:569,1
DA:570,1
DA:572,3
DA:573,1
DA:575,3
DA:578,2
DA:583,2
DA:584,1
DA:587,1
DA:588,3
DA:589,2
DA:592,7
DA:593,2
DA:594,2
DA:595,2
DA:596,1
DA:597,1
DA:598,2
DA:600,4
DA:601,1
DA:602,1
DA:606,2
DA:607,2
DA:609,2
DA:611,1
DA:614,1
DA:615,2
DA:617,2
DA:620,2
DA:623,0
DA:625,0
DA:628,3
DA:630,1
DA:637,1
DA:643,1
DA:644,1
DA:646,2
DA:647,2
DA:649,2
DA:651,4
DA:654,9
DA:657,12
DA:659,12
DA:661,3
DA:663,9
DA:665,3
DA:667,0
DA:670,12
DA:671,3
DA:672,3
DA:673,3
DA:677,2
DA:678,2
DA:680,3
DA:682,7
DA:683,4
DA:684,1
DA:686,4
DA:687,2
DA:690,2
DA:692,4
DA:695,2
DA:701,2
DA:703,3
DA:705,7
DA:706,4
DA:707,1
DA:709,6
DA:710,2
DA:713,4
DA:716,2
DA:719,2
DA:720,2
DA:724,1
DA:726,1
DA:727,1
DA:730,4
DA:736,4
DA:740,4
DA:742,7
DA:744,1
DA:746,2
DA:749,8
DA:750,2
DA:751,2
DA:752,2
DA:756,1
DA:757,1
DA:759,2
DA:760,2
DA:762,1
DA:765,1
DA:766,1
DA:768,1
DA:769,2
DA:771,2
DA:772,1
DA:775,2
DA:776,1
DA:778,3
DA:779,1
DA:780,2
DA:782,2
DA:785,13
DA:792,7
DA:794,15
DA:796,20
DA:797,2
DA:799,4
DA:800,4
DA:803,6
DA:804,4
DA:805,1
DA:807,2
DA:810,4
DA:813,27
DA:814,14
DA:817,16
LF:395
LH:384
end_of_record
TN:
SF:/home/pm/Documents/GitHub/contracts-terra/contracts/hub/src/helpers.rs
FN:25,query_cw20_total_supply
FN:35,query_delegation
FN:44,{closure#0}
FN:50,query_delegations
FN:57,{closure#0}
FN:61,query_all_delegations
FN:68,{closure#0}
FN:69,{closure#1}
FN:88,parse_coin
FN:102,parse_received_fund
FN:126,dedupe
FN:129,{closure#0}
FN:135,get_wanted_delegations<eris_staking_hub::types::gauges::PeriodGaugeLoader>
FN:157,{closure#0}<eris_staking_hub::types::gauges::TuneInfoGaugeLoader>
FN:185,{closure#1}<eris_staking_hub::types::gauges::TuneInfoGaugeLoader>
FN:207,{closure#2}<eris_staking_hub::types::gauges::PeriodGaugeLoader>
FN:208,{closure#3}<eris_staking_hub::types::gauges::TuneInfoGaugeLoader>
FN:213,{closure#4}<eris_staking_hub::types::gauges::TuneInfoGaugeLoader>
FN:216,{closure#5}<eris_staking_hub::types::gauges::TuneInfoGaugeLoader>
FN:219,{closure#0}<eris_staking_hub::types::gauges::PeriodGaugeLoader>
FN:243,from_emps<eris_staking_hub::types::gauges::PeriodGaugeLoader>
FN:250,{closure#0}<eris_staking_hub::types::gauges::PeriodGaugeLoader>
FN:251,{closure#1}<eris_staking_hub::types::gauges::TuneInfoGaugeLoader>
FN:267,from_amps<eris_staking_hub::types::gauges::PeriodGaugeLoader>
FN:273,{closure#0}<eris_staking_hub::types::gauges::PeriodGaugeLoader>
FN:274,{closure#1}<eris_staking_hub::types::gauges::TuneInfoGaugeLoader>
FNF:26
FNDA:4,query_cw20_total_supply
FNDA:3,query_delegation
FNDA:6,{closure#0}
FNDA:3,query_delegations
FNDA:9,{closure#0}
FNDA:3,query_all_delegations
FNDA:6,{closure#0}
FNDA:6,{closure#1}
FNDA:1,parse_coin
FNDA:3,parse_received_fund
FNDA:7,dedupe
FNDA:27,{closure#0}
FNDA:2,get_wanted_delegations<eris_staking_hub::types::gauges::PeriodGaugeLoader>
FNDA:0,{closure#0}<eris_staking_hub::types::gauges::TuneInfoGaugeLoader>
FNDA:2,{closure#1}<eris_staking_hub::types::gauges::TuneInfoGaugeLoader>
FNDA:3,{closure#2}<eris_staking_hub::types::gauges::PeriodGaugeLoader>
FNDA:3,{closure#3}<eris_staking_hub::types::gauges::TuneInfoGaugeLoader>
FNDA:4,{closure#4}<eris_staking_hub::types::gauges::TuneInfoGaugeLoader>
FNDA:2,{closure#5}<eris_staking_hub::types::gauges::TuneInfoGaugeLoader>
FNDA:0,{closure#0}<eris_staking_hub::types::gauges::PeriodGaugeLoader>
FNDA:2,from_emps<eris_staking_hub::types::gauges::PeriodGaugeLoader>
FNDA:4,{closure#0}<eris_staking_hub::types::gauges::PeriodGaugeLoader>
FNDA:3,{closure#1}<eris_staking_hub::types::gauges::TuneInfoGaugeLoader>
FNDA:2,from_amps<eris_staking_hub::types::gauges::PeriodGaugeLoader>
FNDA:8,{closure#0}<eris_staking_hub::types::gauges::PeriodGaugeLoader>
FNDA:6,{closure#1}<eris_staking_hub::types::gauges::TuneInfoGaugeLoader>
DA:25,4
DA:29,4
DA:31,4
DA:35,3
DA:40,3
DA:41,3
DA:42,9
DA:43,0
DA:44,6
DA:50,3
DA:55,6
DA:57,9
DA:61,3
DA:65,6
DA:66,0
DA:68,6
DA:69,6
DA:70,3
DA:71,3
DA:75,3
DA:88,1
DA:89,2
DA:90,1
DA:91,2
DA:92,2
DA:93,1
DA:97,2
DA:102,3
DA:103,3
DA:104,1
DA:106,1
DA:110,6
DA:111,6
DA:112,1
DA:118,6
DA:119,1
DA:122,3
DA:126,7
DA:127,13
DA:129,27
DA:135,2
DA:142,6
DA:145,2
DA:147,0
DA:148,0
DA:149,0
DA:151,0
DA:152,0
DA:153,0
DA:154,0
DA:155,0
DA:157,0
DA:164,2
DA:172,8
DA:173,4
DA:175,4
DA:176,2
DA:178,6
DA:179,4
DA:181,6
DA:183,0
DA:185,2
DA:186,2
DA:188,3
DA:190,4
DA:192,4
DA:194,2
DA:196,4
DA:198,1
DA:201,2
DA:203,1
DA:207,3
DA:208,3
DA:209,2
DA:213,4
DA:214,2
DA:216,2
DA:218,2
DA:219,0
DA:221,1
DA:225,1
DA:226,1
DA:227,1
DA:228,1
DA:229,1
DA:243,2
DA:248,4
DA:249,2
DA:250,4
DA:251,3
DA:254,2
DA:255,1
DA:258,2
DA:259,1
DA:260,1
DA:263,1
DA:267,2
DA:272,2
DA:273,8
DA:274,6
DA:277,4
DA:278,2
DA:281,2
DA:282,2
DA:283,2
LF:105
LH:92
end_of_record
TN:
SF:/home/pm/Documents/GitHub/contracts-terra/contracts/hub/src/math.rs
FN:30,compute_mint_amount
FN:47,compute_unbond_amount
FN:66,compute_undelegations
FN:112,compute_redelegations_for_removal
FN:156,merge_with_validators
FN:176,get_uluna_for_validator
FN:201,compute_redelegations_for_rebalancing
FN:263,get_uluna_per_validator_prepared
FN:276,get_uluna_per_validator
FN:313,{closure#0}
FN:339,reconcile_batches
FN:354,mark_reconciled_batches
FNF:12
FNDA:4,compute_mint_amount
FNDA:1,compute_unbond_amount
FNDA:1,compute_undelegations
FNDA:1,compute_redelegations_for_removal
FNDA:7,merge_with_validators
FNDA:3,get_uluna_for_validator
FNDA:3,compute_redelegations_for_rebalancing
FNDA:2,get_uluna_per_validator_prepared
FNDA:6,get_uluna_per_validator
FNDA:32,{closure#0}
FNDA:1,reconcile_batches
FNDA:2,mark_reconciled_batches
DA:30,4
DA:35,16
DA:36,8
DA:37,4
DA:39,4
DA:47,1
DA:52,3
DA:53,1
DA:66,1
DA:73,4
DA:74,1
DA:76,2
DA:79,2
DA:80,4
DA:81,2
DA:82,2
DA:85,4
DA:86,0
DA:88,4
DA:91,3
DA:92,2
DA:94,1
DA:95,2
DA:98,1
DA:103,1
DA:112,1
DA:119,8
DA:120,1
DA:122,6
DA:125,2
DA:126,2
DA:127,4
DA:128,2
DA:131,4
DA:132,0
DA:134,4
DA:137,3
DA:138,2
DA:140,1
DA:141,2
DA:142,2
DA:143,2
DA:144,1
DA:148,1
DA:153,2
DA:156,7
DA:160,32
DA:162,9
DA:164,27
DA:165,18
DA:166,1
DA:167,1
DA:176,3
DA:182,23
DA:184,13
DA:185,11
DA:186,7
DA:188,2
DA:189,0
DA:190,0
DA:191,0
DA:201,3
DA:207,12
DA:209,10
DA:216,5
DA:217,5
DA:218,10
DA:219,5
DA:222,3
DA:224,3
DA:227,8
DA:233,3
DA:234,5
DA:235,5
DA:236,8
DA:237,8
DA:239,12
DA:240,7
DA:242,8
DA:245,7
DA:246,5
DA:248,3
DA:251,7
DA:252,4
DA:253,5
DA:258,5
DA:263,2
DA:270,4
DA:271,8
DA:272,2
DA:273,4
DA:276,6
DA:283,12
DA:284,14
DA:285,0
DA:287,16
DA:290,23
DA:292,9
DA:295,6
DA:298,6
DA:299,3
[...]
FNDA:0,{closure#0}
FNDA:0,{closure#1}
FNDA:0,get_emp_tune_info
FNDA:0,{closure#0}
FNDA:0,{closure#1}
DA:15,2
DA:16,2
DA:18,1
DA:19,1
DA:28,0
DA:29,0
DA:31,0
DA:32,0
DA:33,0
DA:35,0
DA:36,0
DA:41,0
DA:42,0
DA:44,0
DA:45,0
DA:46,0
DA:47,0
DA:49,0
DA:50,0
LF:19
LH:4
end_of_record
TN:
SF:/home/pm/Documents/GitHub/contracts-terra/contracts/hub/src/types/keys.rs
FN:12,new
FN:25,from
FN:36,key
FNF:3
FNDA:4,new
FNDA:4,from
FNDA:2,key
DA:12,4
DA:14,4
DA:25,4
DA:26,4
DA:36,2
DA:37,2
DA:42,4
DA:43,4
LF:8
LH:8
end_of_record
TN:
SF:/home/pm/Documents/GitHub/contracts-terra/contracts/hub/src/types/staking.rs
FN:11,new
FN:18,to_cosmos_msg
FN:34,new
FN:41,to_cosmos_msg
FN:57,new
FN:64,to_cosmos_msg
FN:81,new
FN:89,to_cosmos_msg
FNF:8
FNDA:8,new
FNDA:4,to_cosmos_msg
FNDA:3,new
FNDA:4,to_cosmos_msg
FNDA:1,new
FNDA:1,to_cosmos_msg
FNDA:6,new
FNDA:4,to_cosmos_msg
DA:11,8
DA:13,8
DA:18,4
DA:19,4
DA:20,4
DA:21,4
DA:34,3
DA:36,3
DA:41,4
DA:42,3
DA:43,3
DA:44,6
DA:57,1
DA:59,3
DA:64,1
DA:65,1
DA:66,1
DA:67,1
DA:81,6
DA:83,4
DA:84,4
DA:89,4
DA:90,4
DA:91,4
DA:92,4
DA:93,4
LF:26
LH:26
end_of_record
TN:
SF:/home/pm/Documents/GitHub/contracts-terra/contracts/hub/tests/integration.rs
FN:465,setup_emps
FN:478,setup_vamp_user1
FN:490,bond_and_harvest
FN:564,delegation<&str>
FN:572,point<&str>
FNF:5
FNDA:1,setup_emps
FNDA:2,setup_vamp_user1
FNDA:2,bond_and_harvest
FNDA:1,delegation<&str>
FNDA:1,point<&str>
DA:465,1
DA:466,1
DA:468,1
DA:469,1
DA:470,1
DA:471,1
DA:474,1
DA:475,1
DA:478,2
DA:479,2
DA:480,2
DA:483,2
DA:485,2
DA:486,2
DA:487,2
DA:490,2
DA:494,2
DA:495,2
DA:496,2
DA:497,2
DA:499,2
DA:500,2
DA:501,2
DA:502,2
DA:503,2
DA:504,2
DA:505,2
DA:506,2
DA:509,2
DA:510,2
DA:512,2
DA:513,2
DA:514,2
DA:515,2
DA:516,2
DA:517,2
DA:520,2
DA:521,2
DA:522,2
DA:524,2
DA:525,2
DA:526,2
DA:527,2
DA:528,2
DA:531,2
DA:534,2
DA:535,2
DA:537,2
DA:538,2
DA:539,2
DA:540,2
DA:541,2
DA:542,2
DA:545,2
DA:546,4
DA:547,4
DA:548,2
DA:549,4
DA:550,4
DA:551,2
DA:552,12
DA:553,2
DA:554,4
DA:555,4
DA:556,4
DA:557,4
DA:559,2
DA:560,2
DA:561,2
DA:564,1
DA:566,1
DA:567,1
DA:568,1
DA:572,1
DA:578,1
DA:579,1
DA:580,1
LF:77
LH:77
end_of_record
TN:
SF:/home/pm/Documents/GitHub/contracts-terra/contracts/token/src/lib.rs
FN:13,instantiate
FN:27,execute
FN:48,assert_minter
FN:65,query
FNF:4
FNDA:12,instantiate
FNDA:7,execute
FNDA:1,assert_minter
FNDA:3,query
DA:13,12
DA:19,18
DA:20,0
DA:23,18
DA:27,7
DA:35,7
DA:36,2
DA:39,2
DA:45,14
DA:48,1
DA:49,1
DA:51,1
DA:52,1
DA:56,2
DA:57,1
DA:61,1
DA:65,3
DA:66,3
LF:18
LH:17
end_of_record
TN:
SF:/home/pm/Documents/GitHub/contracts-terra/packages/eris/src/adapters/ampz.rs
FN:11,deposit
FNF:1
FNDA:0,deposit
DA:11,0
DA:12,0
DA:13,0
DA:14,0
DA:15,0
DA:17,0
LF:6
LH:0
end_of_record
TN:
SF:/home/pm/Documents/GitHub/contracts-terra/packages/eris/src/adapters/asset.rs
FN:15,query_balances
FN:18,{closure#0}
FN:27,{closure#1}
FN:36,query_balance_diff
FN:39,{closure#0}
FN:48,{closure#1}
FN:103,transfer_msg
FN:127,transfer_msg_target
FN:157,transfer_from_msg
FN:176,increase_allowance_msg
FN:192,deposit_asset
FN:217,subtract_fee
FNF:12
FNDA:0,query_balances
FNDA:0,{closure#0}
FNDA:0,{closure#1}
FNDA:0,query_balance_diff
FNDA:0,{closure#0}
FNDA:0,{closure#1}
FNDA:3,transfer_msg
FNDA:1,transfer_msg_target
FNDA:2,transfer_from_msg
FNDA:1,increase_allowance_msg
FNDA:5,deposit_asset
FNDA:0,subtract_fee
DA:15,0
DA:16,0
DA:18,0
DA:19,0
DA:20,0
DA:21,0
DA:27,0
DA:36,0
DA:37,0
DA:39,0
DA:40,0
DA:41,0
DA:42,0
DA:43,0
DA:48,0
DA:103,3
DA:104,3
DA:105,2
DA:108,2
DA:109,4
DA:110,2
DA:111,2
DA:113,2
DA:115,1
DA:118,1
DA:119,2
DA:120,1
DA:121,1
DA:127,1
DA:128,2
DA:129,1
DA:130,0
DA:133,0
DA:134,0
DA:135,0
DA:136,0
DA:137,0
DA:139,0
DA:141,1
DA:144,1
DA:145,1
DA:146,2
DA:147,1
DA:148,1
DA:153,2
DA:157,2
DA:158,2
DA:159,2
DA:162,2
DA:163,4
DA:164,2
DA:165,2
DA:166,2
DA:168,2
DA:170,0
DA:176,1
DA:181,2
DA:182,1
DA:183,2
DA:184,1
DA:185,1
DA:188,1
DA:192,5
DA:198,5
DA:199,0
DA:202,5
DA:203,2
DA:206,4
DA:208,4
DA:211,6
DA:214,4
DA:217,0
DA:218,0
DA:219,0
DA:220,0
LF:75
LH:47
end_of_record
TN:
SF:/home/pm/Documents/GitHub/contracts-terra/packages/eris/src/adapters/compounder.rs
FN:12,query_lp_state
FN:25,compound_msg
FN:47,multi_swap_msg
FN:54,{closure#0}
FNF:4
FNDA:1,query_lp_state
FNDA:1,compound_msg
FNDA:0,multi_swap_msg
FNDA:0,{closure#0}
DA:12,1
DA:17,2
DA:18,1
DA:19,1
DA:20,1
DA:25,1
DA:33,2
DA:34,1
DA:35,1
DA:36,2
DA:37,1
DA:38,1
DA:40,1
DA:43,1
DA:47,0
DA:54,0
DA:55,0
DA:56,0
DA:57,0
DA:58,0
DA:59,0
DA:60,0
DA:62,0
LF:23
LH:14
end_of_record
TN:
SF:/home/pm/Documents/GitHub/contracts-terra/packages/eris/src/adapters/factory.rs
FN:12,create_swap
FN:24,simulate
FN:34,get_pair
FNF:3
FNDA:1,create_swap
FNDA:0,simulate
FNDA:1,get_pair
DA:12,1
DA:20,3
DA:21,0
DA:24,0
DA:30,0
DA:31,0
DA:34,1
DA:40,3
DA:41,1
DA:42,1
DA:43,2
DA:46,0
LF:12
LH:7
end_of_record
TN:
SF:/home/pm/Documents/GitHub/contracts-terra/packages/eris/src/adapters/farm.rs
FN:11,bond_assets_msg
FNF:1
FNDA:0,bond_assets_msg
DA:11,0
DA:17,0
DA:18,0
DA:19,0
DA:20,0
DA:21,0
DA:22,0
DA:23,0
DA:24,0
DA:25,0
DA:27,0
LF:11
LH:0
end_of_record
TN:
SF:/home/pm/Documents/GitHub/contracts-terra/packages/eris/src/adapters/generator.rs
FN:11,query_pending_token
FN:26,query_deposit
FN:41,deposit_msg
FN:53,withdraw_msg
FN:64,claim_rewards_msg
FNF:5
FNDA:2,query_pending_token
FNDA:2,query_deposit
FNDA:2,deposit_msg
FNDA:2,withdraw_msg
FNDA:2,claim_rewards_msg
DA:11,2
DA:17,2
DA:18,2
DA:19,2
DA:20,2
DA:21,2
DA:26,2
DA:32,2
DA:33,2
DA:34,2
DA:35,2
DA:36,2
DA:41,2
DA:42,2
DA:43,2
DA:44,2
DA:45,4
DA:46,2
DA:48,4
DA:53,2
DA:54,4
DA:55,2
DA:56,2
DA:57,4
DA:58,2
DA:64,2
DA:65,4
DA:66,2
DA:67,4
DA:68,2
DA:70,2
LF:31
LH:31
end_of_record
TN:
SF:/home/pm/Documents/GitHub/contracts-terra/packages/eris/src/adapters/hub.rs
FN:10,bond_msg<&str>
FNF:1
FNDA:0,bond_msg<&str>
DA:10,0
DA:16,0
DA:17,0
DA:18,0
DA:19,0
DA:21,0
LF:6
LH:0
end_of_record
TN:
SF:/home/pm/Documents/GitHub/contracts-terra/packages/eris/src/adapters/pair.rs
FN:14,query_pair_info
FN:18,query_pool_info
FN:22,query_config
FN:26,simulate
FN:41,simulate_to_asset
FN:59,swap_msg
FN:105,provide_liquidity_msg
FN:112,{closure#0}
FNF:8
FNDA:11,query_pair_info
FNDA:0,query_pool_info
FNDA:0,query_config
FNDA:1,simulate
FNDA:1,simulate_to_asset
FNDA:3,swap_msg
FNDA:1,provide_liquidity_msg
FNDA:4,{closure#0}
DA:14,11
DA:15,11
DA:18,0
DA:19,0
DA:22,0
DA:23,0
DA:26,1
DA:32,2
DA:33,1
DA:34,1
DA:35,1
DA:36,1
DA:41,1
DA:47,1
DA:48,1
DA:50,0
DA:53,2
DA:55,2
DA:59,3
DA:66,3
DA:67,3
DA:70,6
DA:71,6
DA:81,3
DA:84,2
DA:87,4
DA:88,4
DA:95,4
DA:102,3
DA:105,1
DA:112,4
DA:113,1
DA:114,1
DA:115,2
DA:116,1
DA:118,1
DA:119,1
DA:121,1
LF:38
LH:33
end_of_record
TN:
SF:/home/pm/Documents/GitHub/contracts-terra/packages/eris/src/adapters/router.rs
FN:19,create_swap_operations
FN:71,get_offer_asset_info
FN:129,simulate
FN:144,execute_swap_operations_msg
FNF:4
FNDA:2,create_swap_operations
FNDA:0,get_offer_asset_info
FNDA:1,simulate
FNDA:2,execute_swap_operations_msg
DA:19,2
DA:23,4
DA:24,2
DA:25,4
DA:26,8
DA:27,2
DA:28,2
DA:29,2
DA:43,2
DA:44,2
DA:46,2
DA:48,0
DA:71,0
DA:72,0
DA:73,0
DA:77,0
DA:81,0
DA:129,1
DA:135,2
DA:136,1
DA:137,1
DA:139,1
DA:144,2
DA:152,2
DA:153,2
DA:156,4
DA:157,4
DA:167,2
DA:169,1
DA:172,2
DA:173,2
DA:179,2
DA:186,2
LF:33
LH:27
end_of_record
TN:
SF:/home/pm/Documents/GitHub/contracts-terra/packages/eris/src/adapters/token.rs
FN:11,instantiate
FN:36,mint
FN:47,burn
FN:57,query_amount
FN:61,query_supply
FNF:5
FNDA:1,instantiate
FNDA:1,mint
FNDA:1,burn
FNDA:1,query_amount
FNDA:0,query_supply
DA:11,1
DA:12,2
DA:13,1
DA:14,1
DA:15,2
DA:16,1
DA:17,1
DA:18,1
DA:19,1
DA:20,1
DA:21,1
DA:22,1
DA:24,1
DA:26,1
DA:27,1
DA:36,1
DA:37,1
DA:38,1
DA:39,2
DA:40,1
DA:43,1
DA:47,1
DA:48,1
DA:49,1
DA:50,2
DA:53,1
DA:57,1
DA:58,2
DA:61,0
DA:62,0
LF:30
LH:28
end_of_record
TN:
SF:/home/pm/Documents/GitHub/contracts-terra/packages/eris/src/amp_gauges.rs
FN:112,assert_owner
FN:119,assert_owner_or_self
FN:167,get_amp_tune_info<cosmwasm_std::addresses::Addr>
FN:176,get_amp_validator_infos<cosmwasm_std::addresses::Addr>
FNF:4
FNDA:3,assert_owner
FNDA:0,assert_owner_or_self
FNDA:2,get_amp_tune_info<cosmwasm_std::addresses::Addr>
FNDA:0,get_amp_validator_infos<cosmwasm_std::addresses::Addr>
DA:112,3
DA:113,3
DA:114,1
DA:116,3
DA:119,0
DA:120,0
DA:121,0
DA:123,0
DA:167,2
DA:171,2
DA:173,2
DA:176,0
DA:181,0
DA:182,0
DA:183,0
DA:184,0
DA:185,0
DA:188,0
LF:18
LH:7
end_of_record
TN:
SF:/home/pm/Documents/GitHub/contracts-terra/packages/eris/src/ampz.rs
FN:49,from
FN:84,validate
FN:148,validate
FN:208,into_cosmos_msg
FNF:4
FNDA:0,from
FNDA:0,validate
FNDA:0,validate
FNDA:0,into_cosmos_msg
DA:49,0
DA:50,0
DA:51,0
DA:52,0
DA:55,0
DA:84,0
DA:85,0
DA:86,0
DA:87,0
DA:148,0
DA:149,0
DA:150,0
DA:152,0
DA:153,0
DA:156,0
DA:157,0
DA:158,0
DA:159,0
DA:208,0
DA:214,0
DA:215,0
DA:216,0
DA:218,0
DA:219,0
DA:221,0
LF:25
LH:0
end_of_record
TN:
SF:/home/pm/Documents/GitHub/contracts-terra/packages/eris/src/astroport_farm.rs
FN:115,into_cosmos_msg
FNF:1
FNDA:1,into_cosmos_msg
DA:115,1
DA:116,1
DA:117,1
DA:118,3
DA:119,1
LF:5
LH:5
end_of_record
TN:
SF:/home/pm/Documents/GitHub/contracts-terra/packages/eris/src/compound_proxy.rs
FN:146,into_cosmos_msg
FNF:1
FNDA:1,into_cosmos_msg
DA:146,1
DA:147,1
DA:148,1
DA:149,3
DA:150,1
LF:5
LH:5
end_of_record
TN:
SF:/home/pm/Documents/GitHub/contracts-terra/packages/eris/src/emp_gauges.rs
FN:102,assert_owner
FN:109,assert_owner_or_self
FN:145,get_tune_msg<alloc::string::String>
FN:154,get_emp_tune_info<cosmwasm_std::addresses::Addr>
FN:162,get_emp_validator_infos<cosmwasm_std::addresses::Addr>
FNF:5
FNDA:4,assert_owner
FNDA:2,assert_owner_or_self
FNDA:2,get_tune_msg<alloc::string::String>
FNDA:1,get_emp_tune_info<cosmwasm_std::addresses::Addr>
FNDA:0,get_emp_validator_infos<cosmwasm_std::addresses::Addr>
DA:102,4
DA:103,2
DA:104,1
DA:106,4
DA:109,2
DA:110,2
DA:111,0
DA:113,2
DA:145,2
DA:146,2
DA:147,2
DA:148,4
DA:149,2
DA:154,1
DA:158,1
DA:159,1
DA:162,0
DA:167,0
DA:168,0
DA:169,0
DA:170,0
DA:171,0
DA:174,0
LF:23
LH:15
end_of_record
TN:
SF:/home/pm/Documents/GitHub/contracts-terra/packages/eris/src/fees_collector.rs
FN:119,new
FN:127,new_msg
FN:135,check
FN:145,new
FNF:4
FNDA:1,new
FNDA:1,new_msg
FNDA:1,check
FNDA:1,new
DA:119,1
DA:127,1
DA:135,1
DA:136,1
DA:137,1
DA:138,1
DA:139,1
DA:145,1
LF:8
LH:8
end_of_record
TN:
SF:/home/pm/Documents/GitHub/contracts-terra/packages/eris/src/governance_helper.rs
FN:19,get_period
FN:28,get_s_from_period
FN:33,get_periods_count
FN:43,checked_mul
FN:68,calc_voting_power
FN:76,{closure#0}
FNF:6
FNDA:16,get_period
FNDA:0,get_s_from_period
FNDA:6,get_periods_count
FNDA:0,checked_mul
FNDA:3,calc_voting_power
FNDA:0,{closure#0}
DA:19,16
DA:20,31
DA:21,0
DA:23,31
DA:28,0
DA:29,0
DA:33,6
DA:34,10
DA:43,0
DA:44,0
DA:45,0
DA:47,0
DA:48,0
DA:49,0
DA:50,0
DA:52,0
DA:53,0
DA:54,0
DA:59,0
DA:60,0
DA:62,0
DA:68,3
DA:74,3
DA:75,3
DA:76,0
DA:77,3
LF:26
LH:9
end_of_record
TN:
SF:/home/pm/Documents/GitHub/contracts-terra/packages/eris/src/helper.rs
FN:12,unwrap_reply
FN:25,addr_validate_to_lower<&alloc::string::String>
FN:34,addr_opt_validate
FN:35,{closure#0}
FN:40,validate_addresses
FN:41,{closure#0}
FN:44,funds_or_allowance
FN:78,multiply_ratio_and_ceil
FNF:8
FNDA:10,unwrap_reply
FNDA:38,addr_validate_to_lower<&alloc::string::String>
FNDA:17,addr_opt_validate
FNDA:77,{closure#0}
FNDA:1,validate_addresses
FNDA:3,{closure#0}
FNDA:1,funds_or_allowance
FNDA:2,multiply_ratio_and_ceil
DA:12,10
DA:13,16
DA:25,38
DA:26,47
DA:27,123
DA:28,0
DA:30,86
DA:34,17
DA:35,77
DA:40,1
DA:41,3
DA:44,1
DA:50,1
DA:51,1
DA:53,3
DA:54,2
DA:55,3
DA:58,2
DA:59,2
DA:60,1
DA:61,1
DA:62,1
DA:65,3
DA:66,2
DA:67,1
DA:73,1
DA:78,2
DA:83,2
DA:84,2
DA:85,2
LF:30
LH:29
end_of_record
TN:
SF:/home/pm/Documents/GitHub/contracts-terra/packages/eris/src/helpers/bps.rs
FN:17,checked_add
FN:26,from_ratio
FN:34,reverse
FN:38,decimal
FN:42,div_decimal
FN:59,u16
FN:63,is_max
FN:66,is_zero
FN:74,try_from
FN:86,try_from
FN:96,from
FN:102,from
FN:110,mul
FN:118,mul
FNF:14
FNDA:4,checked_add
FNDA:0,from_ratio
FNDA:0,reverse
FNDA:2,decimal
FNDA:0,div_decimal
FNDA:0,u16
FNDA:0,is_max
FNDA:0,is_zero
FNDA:5,try_from
FNDA:0,try_from
FNDA:0,from
FNDA:0,from
FNDA:8,mul
FNDA:0,mul
DA:17,4
DA:18,4
DA:19,8
DA:20,0
DA:22,4
DA:26,0
DA:27,0
DA:29,0
DA:34,0
DA:35,0
DA:38,2
DA:39,2
DA:42,0
DA:43,0
DA:44,0
DA:46,0
DA:50,3
DA:51,3
DA:55,0
DA:56,0
DA:59,0
DA:63,0
DA:64,0
DA:66,0
DA:67,0
DA:74,5
DA:75,5
DA:76,5
DA:78,0
DA:86,0
DA:87,0
DA:88,0
DA:90,0
DA:96,0
DA:102,0
DA:103,0
DA:110,8
DA:111,8
DA:118,0
DA:120,0
DA:121,0
LF:41
LH:13
end_of_record
TN:
SF:/home/pm/Documents/GitHub/contracts-terra/packages/eris/src/helpers/slope.rs
FN:6,calc_coefficient
FN:14,adjust_vp_and_slope
FNF:2
FNDA:10,calc_coefficient
FNDA:12,adjust_vp_and_slope
DA:6,10
DA:9,6
DA:14,12
DA:15,8
DA:16,20
DA:17,12
LF:6
LH:6
end_of_record
TN:
SF:/home/pm/Documents/GitHub/contracts-terra/packages/eris/src/hub.rs
FN:34,validate
FN:164,into_cosmos_msg
FN:352,from
FN:369,from
FN:396,get_hub_validators<cosmwasm_std::addresses::Addr>
FNF:5
FNDA:22,validate
FNDA:4,into_cosmos_msg
FNDA:1,from
FNDA:1,from
FNDA:18,get_hub_validators<cosmwasm_std::addresses::Addr>
DA:34,22
DA:35,15
DA:37,18
DA:45,22
DA:46,42
DA:53,8
DA:164,4
DA:165,5
DA:166,4
DA:167,12
DA:168,4
DA:352,1
DA:354,1
DA:355,1
DA:369,1
DA:371,1
DA:372,2
DA:396,18
DA:400,18
DA:401,18
LF:20
LH:20
end_of_record
TN:
SF:/home/pm/Documents/GitHub/contracts-terra/packages/eris/src/lib.rs
FN:31,add_optional_message
FN:38,add_callback_message
FN:50,checked_add
FN:53,{closure#0}
FN:57,checked_mul_uint
FN:74,to_decimal256
FNF:6
FNDA:5,add_optional_message
FNDA:0,add_callback_message
FNDA:0,checked_add
FNDA:0,{closure#0}
FNDA:9,checked_mul_uint
FNDA:0,to_decimal256
DA:31,5
DA:32,5
DA:33,5
DA:34,2
DA:38,0
DA:39,0
DA:50,0
DA:51,0
DA:52,0
DA:53,0
DA:57,9
DA:58,13
DA:59,1
DA:61,24
DA:63,23
DA:64,0
DA:65,0
DA:66,0
DA:67,0
DA:70,24
DA:74,0
DA:75,0
LF:22
LH:10
end_of_record
TN:
SF:/home/pm/Documents/GitHub/contracts-terra/packages/eris/src/voting_escrow.rs
FN:131,fmt
FN:334,get_lock_info<&cosmwasm_std::addresses::Addr, &cosmwasm_std::addresses::Addr>
FNF:2
FNDA:1,fmt
FNDA:4,get_lock_info<&cosmwasm_std::addresses::Addr, &cosmwasm_std::addresses::Addr>
DA:131,1
DA:132,1
DA:133,2
DA:134,1
DA:137,1
DA:334,4
DA:339,8
DA:341,4
DA:342,4
DA:345,4
LF:10
LH:10
end_of_record
TN:
SF:/home/pm/Documents/GitHub/contracts-terra/packages/eris-tests/src/base.rs
FN:22,get_address_string
FN:25,get_address
FN:31,from
FN:58,init_all
FN:81,init_token
FN:115,init_hub
FN:167,init_voting_escrow
FN:195,init_emp_registry
FN:221,init_amp_gauges
FN:248,init_hub_delegation_strategy
FN:294,mint
FN:307,check_balance
FN:315,increase_allowance
FNF:13
FNDA:12,get_address_string
FNDA:4,get_address
FNDA:12,from
FNDA:6,init_all
FNDA:12,init_token
FNDA:6,init_hub
FNDA:6,init_voting_escrow
FNDA:12,init_emp_registry
FNDA:6,init_amp_gauges
FNDA:12,init_hub_delegation_strategy
FNDA:0,mint
FNDA:0,check_balance
FNDA:0,increase_allowance
DA:22,12
DA:23,6
DA:25,4
DA:26,10
DA:31,12
DA:58,6
DA:60,12
DA:62,6
DA:63,6
DA:64,12
DA:65,6
DA:66,12
DA:67,6
DA:70,18
DA:71,12
DA:72,12
DA:73,6
DA:74,12
DA:76,6
DA:81,12
DA:82,18
DA:88,6
DA:90,12
DA:93,6
DA:94,12
DA:96,6
DA:97,12
DA:104,6
DA:105,18
DA:108,6
DA:109,6
DA:110,12
DA:115,6
DA:117,18
DA:125,12
DA:128,6
DA:129,12
DA:130,6
DA:131,12
DA:135,6
DA:141,12
DA:142,6
DA:146,24
DA:149,30
DA:151,6
DA:154,6
DA:155,6
DA:156,12
DA:160,6
DA:161,12
DA:167,6
DA:168,18
DA:174,12
DA:177,6
DA:179,12
DA:180,6
DA:181,12
DA:184,24
DA:185,12
DA:188,12
DA:189,6
DA:195,12
DA:196,18
DA:202,6
DA:205,12
DA:206,6
DA:210,12
DA:211,24
DA:214,6
DA:215,12
DA:221,6
DA:222,18
DA:228,12
DA:231,6
DA:232,12
DA:233,6
DA:237,18
DA:238,18
DA:241,12
DA:242,6
DA:248,12
DA:254,16
DA:255,2
DA:257,4
DA:258,10
DA:259,14
DA:267,10
DA:269,4
DA:270,10
DA:271,12
DA:272,6
DA:273,12
DA:274,6
DA:280,19
DA:282,10
DA:283,4
DA:284,4
DA:285,10
DA:286,14
DA:294,0
DA:295,0
DA:297,0
DA:298,0
DA:301,0
DA:302,0
DA:303,0
DA:304,0
DA:307,0
DA:309,0
DA:311,0
DA:312,0
DA:315,0
DA:323,0
DA:328,0
DA:330,0
DA:331,0
DA:332,0
DA:333,0
LF:118
LH:99
end_of_record
TN:
SF:/home/pm/Documents/GitHub/contracts-terra/packages/eris-tests/src/gov_helper.rs
FN:17,init
FN:31,emp_tune
FN:40,emp_add_points
FN:53,emp_execute
FN:66,emp_execute_sender<&str>
FN:80,emp_query_config
FN:90,emp_query_validator_history<&str>
FN:105,emp_query_tune_info
FN:115,amp_tune
FN:124,amp_vote<&str>
FN:139,amp_execute
FN:152,amp_execute_sender<alloc::string::String>
FN:166,amp_query_config
FN:191,amp_query_tune_info
FN:201,mint_amp_lp
FN:214,ve_lock_lp<&str>
FN:240,ve_add_funds_lock<&str>
FN:287,ve_extend_lock_time<&str>
FN:302,ve_withdraw<&str>
FN:314,ve_execute
FN:327,ve_execute_sender
FN:336,hub_execute
FN:344,hub_remove_validator<&str>
FN:357,hub_harvest
FN:361,hub_add_validator<alloc::string::String>
FN:374,hub_bond<&str, &str>
FN:391,hub_execute_sender
FN:400,hub_rebalance
FN:409,hub_tune
FN:413,hub_query_config
FN:419,hub_query_wanted_delegations
FN:429,hub_query_state
FN:435,hub_query_all_delegations
FN:439,hub_query_delegation<&str>
FNF:34
FNDA:6,init
FNDA:1,emp_tune
FNDA:1,emp_add_points
FNDA:4,emp_execute
FNDA:2,emp_execute_sender<&str>
FNDA:1,emp_query_config
FNDA:1,emp_query_validator_history<&str>
FNDA:1,emp_query_tune_info
FNDA:2,amp_tune
FNDA:4,amp_vote<&str>
FNDA:1,amp_execute
FNDA:3,amp_execute_sender<alloc::string::String>
FNDA:1,amp_query_config
FNDA:1,amp_query_tune_info
FNDA:4,mint_amp_lp
FNDA:4,ve_lock_lp<&str>
FNDA:1,ve_add_funds_lock<&str>
FNDA:1,ve_extend_lock_time<&str>
FNDA:1,ve_withdraw<&str>
FNDA:0,ve_execute
FNDA:1,ve_execute_sender
FNDA:2,hub_execute
FNDA:1,hub_remove_validator<&str>
FNDA:2,hub_harvest
FNDA:1,hub_add_validator<alloc::string::String>
FNDA:2,hub_bond<&str, &str>
FNDA:1,hub_execute_sender
FNDA:1,hub_rebalance
FNDA:2,hub_tune
FNDA:1,hub_query_config
FNDA:2,hub_query_wanted_delegations
FNDA:2,hub_query_state
FNDA:1,hub_query_all_delegations
FNDA:2,hub_query_delegation<&str>
DA:17,6
DA:18,12
DA:20,6
DA:21,12
DA:31,1
DA:32,1
DA:33,1
DA:34,1
DA:40,1
DA:45,1
DA:47,1
DA:48,1
DA:53,4
DA:58,8
DA:59,8
DA:60,4
DA:66,2
DA:72,4
DA:73,4
DA:74,2
DA:80,1
DA:84,2
DA:85,1
DA:90,1
DA:96,3
DA:97,1
DA:98,1
DA:99,1
DA:105,1
DA:109,2
DA:110,1
DA:115,2
DA:116,2
DA:117,2
DA:118,2
DA:124,4
DA:130,4
DA:132,4
DA:133,4
DA:139,1
DA:144,2
DA:145,2
DA:146,1
DA:152,3
DA:158,6
DA:159,6
DA:160,3
DA:166,1
DA:170,2
DA:171,1
DA:191,1
DA:195,2
DA:196,1
DA:201,4
DA:203,4
DA:204,4
DA:206,8
DA:207,12
DA:209,8
DA:210,4
DA:211,4
DA:214,4
DA:221,4
DA:222,8
DA:225,4
DA:226,4
DA:227,8
DA:232,4
DA:233,4
DA:234,4
DA:240,1
DA:246,1
DA:247,2
DA:250,1
DA:251,1
DA:252,2
DA:254,1
DA:255,2
DA:256,1
DA:287,1
DA:293,2
DA:295,1
DA:296,1
DA:298,1
DA:302,1
DA:307,2
DA:309,1
DA:310,1
DA:314,0
DA:319,0
DA:320,0
DA:321,0
DA:327,1
DA:333,1
DA:336,2
DA:341,4
DA:344,1
DA:349,1
DA:351,1
DA:352,1
DA:357,2
DA:358,2
DA:361,1
DA:366,1
DA:368,1
DA:369,1
DA:374,2
DA:381,4
DA:382,2
DA:383,2
DA:387,4
DA:391,1
DA:397,1
DA:400,1
DA:401,1
DA:403,1
DA:404,1
DA:409,2
DA:410,2
DA:413,1
DA:414,2
DA:416,1
DA:419,2
DA:423,4
DA:424,2
DA:429,2
DA:430,4
DA:432,2
DA:435,1
DA:436,1
DA:439,2
DA:444,4
LF:132
LH:128
end_of_record
TN:
SF:/home/pm/Documents/GitHub/contracts-terra/packages/eris-tests/src/lib.rs
FN:14,mock_app
FN:18,mock_app_validators
FN:40,{closure#0}
FN:89,next_block
FN:96,next_period
FN:103,block_period
FN:113,assert_attribute<&str>
FN:115,{closure#0}<&str>
FN:116,{closure#0}<&str>
FNF:9
FNDA:5,mock_app
FNDA:6,mock_app_validators
FNDA:12,{closure#0}
FNDA:2,next_block
FNDA:5,next_period
FNDA:1,block_period
FNDA:8,assert_attribute<&str>
FNDA:24,{closure#0}<&str>
FNDA:24,{closure#0}<&str>
DA:14,5
DA:15,9
DA:18,6
DA:19,9
DA:20,21
DA:21,9
DA:22,10
DA:23,12
DA:24,10
DA:27,9
DA:29,10
DA:32,22
DA:34,54
DA:36,6
DA:38,6
DA:39,6
DA:40,12
DA:41,11
DA:43,18
DA:44,6
DA:46,11
DA:48,18
DA:49,6
DA:51,24
DA:55,6
DA:56,6
DA:57,11
DA:63,17
DA:64,18
DA:70,6
DA:71,12
DA:72,18
DA:73,6
DA:74,12
DA:89,2
DA:90,4
DA:91,2
DA:92,2
DA:96,5
DA:97,10
DA:98,6
DA:99,6
DA:103,1
DA:104,2
DA:113,8
DA:114,8
DA:115,24
DA:116,24
DA:119,8
DA:120,1
DA:121,1
DA:123,1
DA:126,16
LF:53
LH:53
end_of_record
